

########################################################################
Electrons and Phonons 
author: Tyler C. Sterling
email: ty.sterling@colorado.edu
affil: Physics Dept., University of Colorado Boulder
  Neurtron Scattering and Raman Spectroscopy Lab
########################################################################


*** input-args ***
reading input from:
  'afm_hub.py'

*** common variables ***

task: nesting
temperature:   0.001
lattice_vectors:
  2.000000   0.000000   0.000000 
  0.000000  10.000000   0.000000 
  0.000000   0.000000  10.000000 
atom_types:
  Cu Cu 
atom_files:
  Cu.py
atom_positions: (reduced coords)
  0.000000   0.000000   0.000000 
  0.500000   0.000000   0.000000 

*** electron variables ***

orbital_type: tight_binding
num_electrons:   2.00000
use_spin: True
use_hubbard_U: True
hopping_file:
  hopping.py
num_kpts_procs: 4
kpts_option: mesh
use_kpts_symmetry: False
kpts_mesh: 1000 1 1
num_qpts_procs: 1
qpts_option: mesh
use_qpts_symmetry: False
qpts_mesh: 1 1 1
spin_up_site_density:
 1.000 0.000
spin_down_site_density:
 0.000 1.000
do_electron_scf: True
max_electron_scf_steps: 100
electron_scf_density_tol: 1.000e-06
electron_scf_energy_tol: 1.000e-06
electron_mix_method: simple
electron_mix_alpha:   0.100
electron_delta_width:   0.010
electron_output_file: mesh.hdf5
write_electron_eigenvectors: True
write_site_density: True
_plot_electron_bands: True

########################################################################
####################### setting up common stuff ########################
########################################################################

*** lattice (row vectors!) ***
direct_lattice
    2.00000   0.00000   0.00000 
    0.00000  10.00000   0.00000 
    0.00000   0.00000  10.00000 
reciprocal_lattice
    3.14159   0.00000   0.00000 
    0.00000   0.62832   0.00000 
    0.00000   0.00000   0.62832 

*** atoms ***
unique_atom_types:
  0  Cu
num_atoms: 2
 (ind) (type) ---- (crystal coords) -----   ---- (cartesian coords) ----
    0    0    0.00000   0.00000   0.00000    0.00000   0.00000   0.00000
    1    0    0.50000   0.00000   0.00000    1.00000   0.00000   0.00000

########################################################################
###################### setting up electron stuff #######################
########################################################################

*** orbitals ***
orbital_type: tight_binding
num_orbitals: 2

*** hopping ***
getting hopping data from file:
  'hopping.py'

*** electrons ***
total number of electrons in files: 4.00
number of valence electrons in files: 2.00
number of core electrons: 2.00
number of electrons in calculation: 2.00

*** mixing ***
simple mixing
alpha: 0.1000

*** density ***
magnetization:   0.000
 (atom) (type) (density) (mag. density)
     0      0     1.000       1.000
     1      0     1.000      -1.000

*** k-points ***
num_kpts_procs: 4
kpts_option: mesh
use_kpts_symmetry: False

generating k-points on full grid spanning brillouin zone
num_kpts on full grid: 1000

max number of k-points over all processes: 250
number of k-points on each process:
 (proc) (num)
   0    250
   1    250
   2    250
   3    250

*** mixing ***
simple mixing
alpha: 0.1000

*** q-points ***
num_qpts_procs: 1
qpts_option: mesh
use_qpts_symmetry: False

generating q-points on full grid spanning brillouin zone
num_qpts on full grid: 1

max number of q-points over all processes: 1
number of q-points on each process:
 (proc) (num)
   0      1

########################################################################
########################## running 'nesting' ###########################
########################################################################

*** electron scf ***
entering electron scf loop
max_electron_scf_steps: 100
electron_scf_density_tol: 1.000e-06
electron_scf_energy_tol: 1.000e-06

----------------------------- scf step: 1 ------------------------------

*** hamiltonian ***
there are 1000 kpts to do
proc[0] will do 250 kpts

 density rms: 2.22045e-15
 spin up rms: 2.52693e-01
 spin down rms: 2.52693e-01
 magnetization:   0.00000

 hubbard_energy: -7.019539e-02
 free_energy: -1.425415e+00
 band_energy: -1.355220e+00
 ground_state_energy: -1.425415e+00
 entropy: 6.661338e-13

 energy residual:  1.425415e+00

local timer:
  (label)                    (calls)     (lap)     (total) 
  scf_step[1]                     1      0.019      0.019   s 

----------------------------- scf step: 2 ------------------------------

*** hamiltonian ***
there are 1000 kpts to do
proc[0] will do 250 kpts

 density rms: 6.66134e-16
 spin up rms: 2.35336e-01
 spin down rms: 2.35336e-01
 magnetization:   0.00000

 hubbard_energy: -1.332720e-01
 free_energy: -1.442958e+00
 band_energy: -1.309686e+00
 ground_state_energy: -1.442958e+00
 entropy: 2.220446e-13

 energy residual:  1.754302e-02

local timer:
  (label)                    (calls)     (lap)     (total) 
  scf_step[2]                     1      0.016      0.016   s 

----------------------------- scf step: 3 ------------------------------

*** hamiltonian ***
there are 1000 kpts to do
proc[0] will do 250 kpts

 density rms: 0.00000e+00
 spin up rms: 2.19450e-01
 spin down rms: 2.19450e-01
 magnetization:   0.00000

 hubbard_energy: -1.900949e-01
 free_energy: -1.458108e+00
 band_energy: -1.268013e+00
 ground_state_energy: -1.458108e+00
 entropy: 0.000000e+00

 energy residual:  1.514953e-02

local timer:
  (label)                    (calls)     (lap)     (total) 
  scf_step[3]                     1      0.016      0.016   s 

----------------------------- scf step: 4 ------------------------------

*** hamiltonian ***
there are 1000 kpts to do
proc[0] will do 250 kpts

 density rms: 1.77636e-15
 spin up rms: 2.04891e-01
 spin down rms: 2.04891e-01
 magnetization:   0.00000

 hubbard_energy: -2.414089e-01
 free_energy: -1.471222e+00
 band_energy: -1.229813e+00
 ground_state_energy: -1.471222e+00
 entropy: 4.440892e-13

 energy residual:  1.311375e-02

local timer:
  (label)                    (calls)     (lap)     (total) 
  scf_step[4]                     1      0.016      0.016   s 

----------------------------- scf step: 5 ------------------------------

*** hamiltonian ***
there are 1000 kpts to do
proc[0] will do 250 kpts

 density rms: 2.22045e-15
 spin up rms: 1.91527e-01
 spin down rms: 1.91527e-01
 magnetization:   0.00000

 hubbard_energy: -2.878576e-01
 free_energy: -1.482599e+00
 band_energy: -1.194742e+00
 ground_state_energy: -1.482599e+00
 entropy: 2.220446e-13

 energy residual:  1.137760e-02

local timer:
  (label)                    (calls)     (lap)     (total) 
  scf_step[5]                     1      0.016      0.016   s 

----------------------------- scf step: 6 ------------------------------

*** hamiltonian ***
there are 1000 kpts to do
proc[0] will do 250 kpts

 density rms: 2.66454e-15
 spin up rms: 1.79244e-01
 spin down rms: 1.79244e-01
 magnetization:   0.00000

 hubbard_energy: -3.299982e-01
 free_energy: -1.492492e+00
 band_energy: -1.162494e+00
 ground_state_energy: -1.492492e+00
 entropy: 0.000000e+00

 energy residual:  9.893132e-03

local timer:
  (label)                    (calls)     (lap)     (total) 
  scf_step[6]                     1      0.016      0.016   s 

----------------------------- scf step: 7 ------------------------------

*** hamiltonian ***
there are 1000 kpts to do
proc[0] will do 250 kpts

 density rms: 1.11022e-15
 spin up rms: 1.67937e-01
 spin down rms: 1.67937e-01
 magnetization:   0.00000

 hubbard_energy: -3.683145e-01
 free_energy: -1.501113e+00
 band_energy: -1.132799e+00
 ground_state_energy: -1.501113e+00
 entropy: 0.000000e+00

 energy residual:  8.620631e-03

local timer:
  (label)                    (calls)     (lap)     (total) 
  scf_step[7]                     1      0.016      0.016   s 

----------------------------- scf step: 8 ------------------------------

*** hamiltonian ***
there are 1000 kpts to do
proc[0] will do 250 kpts

 density rms: 1.33227e-15
 spin up rms: 1.57516e-01
 spin down rms: 1.57516e-01
 magnetization:   0.00000

 hubbard_energy: -4.032277e-01
 free_energy: -1.508640e+00
 band_energy: -1.105412e+00
 ground_state_energy: -1.508640e+00
 entropy: 2.220446e-13

 energy residual:  7.527134e-03

local timer:
  (label)                    (calls)     (lap)     (total) 
  scf_step[8]                     1      0.016      0.016   s 

----------------------------- scf step: 9 ------------------------------

*** hamiltonian ***
there are 1000 kpts to do
proc[0] will do 250 kpts

 density rms: 1.77636e-15
 spin up rms: 1.47897e-01
 spin down rms: 1.47897e-01
 magnetization:   0.00000

 hubbard_energy: -4.351055e-01
 free_energy: -1.515225e+00
 band_energy: -1.080120e+00
 ground_state_energy: -1.515225e+00
 entropy: 2.220446e-13

 energy residual:  6.585200e-03

local timer:
  (label)                    (calls)     (lap)     (total) 
  scf_step[9]                     1      0.016      0.016   s 

----------------------------- scf step: 10 -----------------------------

*** hamiltonian ***
there are 1000 kpts to do
proc[0] will do 250 kpts

 density rms: 0.00000e+00
 spin up rms: 1.39007e-01
 spin down rms: 1.39007e-01
 magnetization:   0.00000

 hubbard_energy: -4.642695e-01
 free_energy: -1.520997e+00
 band_energy: -1.056728e+00
 ground_state_energy: -1.520997e+00
 entropy: 4.440892e-13

 energy residual:  5.771930e-03

local timer:
  (label)                    (calls)     (lap)     (total) 
  scf_step[10]                    1      0.016      0.016   s 

----------------------------- scf step: 11 -----------------------------

*** hamiltonian ***
there are 1000 kpts to do
proc[0] will do 250 kpts

 density rms: 8.88178e-16
 spin up rms: 1.30780e-01
 spin down rms: 1.30780e-01
 magnetization:   0.00000

 hubbard_energy: -4.910018e-01
 free_energy: -1.526065e+00
 band_energy: -1.035064e+00
 ground_state_energy: -1.526065e+00
 entropy: 2.220446e-13

 energy residual:  5.068158e-03

local timer:
  (label)                    (calls)     (lap)     (total) 
  scf_step[11]                    1      0.016      0.016   s 

----------------------------- scf step: 12 -----------------------------

*** hamiltonian ***
there are 1000 kpts to do
proc[0] will do 250 kpts

 density rms: 8.88178e-16
 spin up rms: 1.23157e-01
 spin down rms: 1.23157e-01
 magnetization:   0.00000

 hubbard_energy: -5.155505e-01
 free_energy: -1.530523e+00
 band_energy: -1.014973e+00
 ground_state_energy: -1.530523e+00
 entropy: 4.440892e-13

 energy residual:  4.457807e-03

local timer:
  (label)                    (calls)     (lap)     (total) 
  scf_step[12]                    1      0.015      0.015   s 

----------------------------- scf step: 13 -----------------------------

*** hamiltonian ***
there are 1000 kpts to do
proc[0] will do 250 kpts

 density rms: 1.77636e-15
 spin up rms: 1.16085e-01
 spin down rms: 1.16085e-01
 magnetization:   0.00000

 hubbard_energy: -5.381341e-01
 free_energy: -1.534451e+00
 band_energy: -9.963165e-01
 ground_state_energy: -1.534451e+00
 entropy: -2.220446e-13

 energy residual:  3.927351e-03

local timer:
  (label)                    (calls)     (lap)     (total) 
  scf_step[13]                    1      0.015      0.015   s 

----------------------------- scf step: 14 -----------------------------

*** hamiltonian ***
there are 1000 kpts to do
proc[0] will do 250 kpts

 density rms: 1.11022e-15
 spin up rms: 1.09516e-01
 spin down rms: 1.09516e-01
 magnetization:   0.00000

 hubbard_energy: -5.589457e-01
 free_energy: -1.537916e+00
 band_energy: -9.789703e-01
 ground_state_energy: -1.537916e+00
 entropy: 0.000000e+00

 energy residual:  3.465384e-03

local timer:
  (label)                    (calls)     (lap)     (total) 
  scf_step[14]                    1      0.016      0.016   s 

----------------------------- scf step: 15 -----------------------------

*** hamiltonian ***
there are 1000 kpts to do
proc[0] will do 250 kpts

 density rms: 1.33227e-15
 spin up rms: 1.03408e-01
 spin down rms: 1.03408e-01
 magnetization:   0.00000

 hubbard_energy: -5.781561e-01
 free_energy: -1.540978e+00
 band_energy: -9.628221e-01
 ground_state_energy: -1.540978e+00
 entropy: 0.000000e+00

 energy residual:  3.062265e-03

local timer:
  (label)                    (calls)     (lap)     (total) 
  scf_step[15]                    1      0.016      0.016   s 

----------------------------- scf step: 16 -----------------------------

*** hamiltonian ***
there are 1000 kpts to do
proc[0] will do 250 kpts

 density rms: 8.88178e-16
 spin up rms: 9.77210e-02
 spin down rms: 9.77210e-02
 magnetization:   0.00000

 hubbard_energy: -5.959169e-01
 free_energy: -1.543688e+00
 band_energy: -9.477711e-01
 ground_state_energy: -1.543688e+00
 entropy: -2.220446e-13

 energy residual:  2.709823e-03

local timer:
  (label)                    (calls)     (lap)     (total) 
  scf_step[16]                    1      0.016      0.016   s 

----------------------------- scf step: 17 -----------------------------

*** hamiltonian ***
there are 1000 kpts to do
proc[0] will do 250 kpts

 density rms: 1.55431e-15
 spin up rms: 9.24206e-02
 spin down rms: 9.24206e-02
 magnetization:   0.00000

 hubbard_energy: -6.123630e-01
 free_energy: -1.546089e+00
 band_energy: -9.337262e-01
 ground_state_energy: -1.546089e+00
 entropy: -2.220446e-13

 energy residual:  2.401117e-03

local timer:
  (label)                    (calls)     (lap)     (total) 
  scf_step[17]                    1      0.016      0.016   s 

----------------------------- scf step: 18 -----------------------------

*** hamiltonian ***
there are 1000 kpts to do
proc[0] will do 250 kpts

 density rms: 1.33227e-15
 spin up rms: 8.74751e-02
 spin down rms: 8.74751e-02
 magnetization:   0.00000

 hubbard_energy: -6.276142e-01
 free_energy: -1.548219e+00
 band_energy: -9.206052e-01
 ground_state_energy: -1.548219e+00
 entropy: -2.220446e-13

 energy residual:  2.130235e-03

local timer:
  (label)                    (calls)     (lap)     (total) 
  scf_step[18]                    1      0.016      0.016   s 

----------------------------- scf step: 19 -----------------------------

*** hamiltonian ***
there are 1000 kpts to do
proc[0] will do 250 kpts

 density rms: 0.00000e+00
 spin up rms: 8.28558e-02
 spin down rms: 8.28558e-02
 magnetization:   0.00000

 hubbard_energy: -6.417779e-01
 free_energy: -1.550112e+00
 band_energy: -9.083337e-01
 ground_state_energy: -1.550112e+00
 entropy: -4.440892e-13

 energy residual:  1.892134e-03

local timer:
  (label)                    (calls)     (lap)     (total) 
  scf_step[19]                    1      0.016      0.016   s 

----------------------------- scf step: 20 -----------------------------

*** hamiltonian ***
there are 1000 kpts to do
proc[0] will do 250 kpts

 density rms: 4.44089e-16
 spin up rms: 7.85368e-02
 spin down rms: 7.85368e-02
 magnetization:   0.00000

 hubbard_energy: -6.549497e-01
 free_energy: -1.551794e+00
 band_energy: -8.968443e-01
 ground_state_energy: -1.551794e+00
 entropy: 0.000000e+00

 energy residual:  1.682501e-03

local timer:
  (label)                    (calls)     (lap)     (total) 
  scf_step[20]                    1      0.015      0.015   s 

----------------------------- scf step: 21 -----------------------------

*** hamiltonian ***
there are 1000 kpts to do
proc[0] will do 250 kpts

 density rms: 1.77636e-15
 spin up rms: 7.44945e-02
 spin down rms: 7.44945e-02
 magnetization:   0.00000

 hubbard_energy: -6.672156e-01
 free_energy: -1.553292e+00
 band_energy: -8.860761e-01
 ground_state_energy: -1.553292e+00
 entropy: 0.000000e+00

 energy residual:  1.497635e-03

local timer:
  (label)                    (calls)     (lap)     (total) 
  scf_step[21]                    1      0.016      0.016   s 

----------------------------- scf step: 22 -----------------------------

*** hamiltonian ***
there are 1000 kpts to do
proc[0] will do 250 kpts

 density rms: 1.33227e-15
 spin up rms: 7.07076e-02
 spin down rms: 7.07076e-02
 magnetization:   0.00000

 hubbard_energy: -6.786525e-01
 free_energy: -1.554626e+00
 band_energy: -8.759735e-01
 ground_state_energy: -1.554626e+00
 entropy: -4.440892e-13

 energy residual:  1.334361e-03

local timer:
  (label)                    (calls)     (lap)     (total) 
  scf_step[22]                    1      0.016      0.016   s 

----------------------------- scf step: 23 -----------------------------

*** hamiltonian ***
there are 1000 kpts to do
proc[0] will do 250 kpts

 density rms: 2.22045e-15
 spin up rms: 6.71565e-02
 spin down rms: 6.71565e-02
 magnetization:   0.00000

 hubbard_energy: -6.893300e-01
 free_energy: -1.555816e+00
 band_energy: -8.664860e-01
 ground_state_energy: -1.555816e+00
 entropy: 2.220446e-13

 energy residual:  1.189944e-03

local timer:
  (label)                    (calls)     (lap)     (total) 
  scf_step[23]                    1      0.016      0.016   s 

----------------------------- scf step: 24 -----------------------------

*** hamiltonian ***
there are 1000 kpts to do
proc[0] will do 250 kpts

 density rms: 4.44089e-16
 spin up rms: 6.38235e-02
 spin down rms: 6.38235e-02
 magnetization:   0.00000

 hubbard_energy: -6.993103e-01
 free_energy: -1.556878e+00
 band_energy: -8.575677e-01
 ground_state_energy: -1.556878e+00
 entropy: 4.440892e-13

 energy residual:  1.062024e-03

local timer:
  (label)                    (calls)     (lap)     (total) 
  scf_step[24]                    1      0.016      0.016   s 

----------------------------- scf step: 25 -----------------------------

*** hamiltonian ***
there are 1000 kpts to do
proc[0] will do 250 kpts

 density rms: 8.88178e-16
 spin up rms: 6.06924e-02
 spin down rms: 6.06924e-02
 magnetization:   0.00000

 hubbard_energy: -7.086499e-01
 free_energy: -1.557827e+00
 band_energy: -8.491767e-01
 ground_state_energy: -1.557827e+00
 entropy: 0.000000e+00

 energy residual:  9.485635e-04

local timer:
  (label)                    (calls)     (lap)     (total) 
  scf_step[25]                    1      0.016      0.016   s 

----------------------------- scf step: 26 -----------------------------

*** hamiltonian ***
there are 1000 kpts to do
proc[0] will do 250 kpts

 density rms: 2.22045e-15
 spin up rms: 5.77484e-02
 spin down rms: 5.77484e-02
 magnetization:   0.00000

 hubbard_energy: -7.173996e-01
 free_energy: -1.558674e+00
 band_energy: -8.412748e-01
 ground_state_energy: -1.558674e+00
 entropy: 0.000000e+00

 energy residual:  8.477954e-04

local timer:
  (label)                    (calls)     (lap)     (total) 
  scf_step[26]                    1      0.016      0.016   s 

----------------------------- scf step: 27 -----------------------------

*** hamiltonian ***
there are 1000 kpts to do
proc[0] will do 250 kpts

 density rms: 8.88178e-16
 spin up rms: 5.49780e-02
 spin down rms: 5.49780e-02
 magnetization:   0.00000

 hubbard_energy: -7.256056e-01
 free_energy: -1.559433e+00
 band_energy: -8.338269e-01
 ground_state_energy: -1.559433e+00
 entropy: 0.000000e+00

 energy residual:  7.581884e-04

local timer:
  (label)                    (calls)     (lap)     (total) 
  scf_step[27]                    1      0.015      0.015   s 

----------------------------- scf step: 28 -----------------------------

*** hamiltonian ***
there are 1000 kpts to do
proc[0] will do 250 kpts

 density rms: 1.77636e-15
 spin up rms: 5.23688e-02
 spin down rms: 5.23688e-02
 magnetization:   0.00000

 hubbard_energy: -7.333097e-01
 free_energy: -1.560111e+00
 band_energy: -8.268012e-01
 ground_state_energy: -1.560111e+00
 entropy: 0.000000e+00

 energy residual:  6.784110e-04

local timer:
  (label)                    (calls)     (lap)     (total) 
  scf_step[28]                    1      0.016      0.016   s 

----------------------------- scf step: 29 -----------------------------

*** hamiltonian ***
there are 1000 kpts to do
proc[0] will do 250 kpts

 density rms: 8.88178e-16
 spin up rms: 4.99095e-02
 spin down rms: 4.99095e-02
 magnetization:   0.00000

 hubbard_energy: -7.405500e-01
 free_energy: -1.560718e+00
 band_energy: -8.201683e-01
 ground_state_energy: -1.560718e+00
 entropy: 2.220446e-13

 energy residual:  6.073038e-04

local timer:
  (label)                    (calls)     (lap)     (total) 
  scf_step[29]                    1      0.015      0.015   s 

----------------------------- scf step: 30 -----------------------------

*** hamiltonian ***
there are 1000 kpts to do
proc[0] will do 250 kpts

 density rms: 1.77636e-15
 spin up rms: 4.75896e-02
 spin down rms: 4.75896e-02
 magnetization:   0.00000

 hubbard_energy: -7.473609e-01
 free_energy: -1.561262e+00
 band_energy: -8.139012e-01
 ground_state_energy: -1.561262e+00
 entropy: 2.220446e-13

 energy residual:  5.438552e-04

local timer:
  (label)                    (calls)     (lap)     (total) 
  scf_step[30]                    1      0.016      0.016   s 

----------------------------- scf step: 31 -----------------------------

*** hamiltonian ***
there are 1000 kpts to do
proc[0] will do 250 kpts

 density rms: 2.22045e-15
 spin up rms: 4.53997e-02
 spin down rms: 4.53997e-02
 magnetization:   0.00000

 hubbard_energy: -7.537740e-01
 free_energy: -1.561749e+00
 band_energy: -8.079753e-01
 ground_state_energy: -1.561749e+00
 entropy: 2.220446e-13

 energy residual:  4.871818e-04

local timer:
  (label)                    (calls)     (lap)     (total) 
  scf_step[31]                    1      0.016      0.016   s 

----------------------------- scf step: 32 -----------------------------

*** hamiltonian ***
there are 1000 kpts to do
proc[0] will do 250 kpts

 density rms: 1.77636e-15
 spin up rms: 4.33309e-02
 spin down rms: 4.33309e-02
 magnetization:   0.00000

 hubbard_energy: -7.598179e-01
 free_energy: -1.562186e+00
 band_energy: -8.023679e-01
 ground_state_energy: -1.562186e+00
 entropy: 0.000000e+00

 energy residual:  4.365101e-04

local timer:
  (label)                    (calls)     (lap)     (total) 
  scf_step[32]                    1      0.016      0.016   s 

----------------------------- scf step: 33 -----------------------------

*** hamiltonian ***
there are 1000 kpts to do
proc[0] will do 250 kpts

 density rms: 8.88178e-16
 spin up rms: 4.13752e-02
 spin down rms: 4.13752e-02
 magnetization:   0.00000

 hubbard_energy: -7.655190e-01
 free_energy: -1.562577e+00
 band_energy: -7.970580e-01
 ground_state_energy: -1.562577e+00
 entropy: 2.220446e-13

 energy residual:  3.911621e-04

local timer:
  (label)                    (calls)     (lap)     (total) 
  scf_step[33]                    1      0.016      0.016   s 

----------------------------- scf step: 34 -----------------------------

*** hamiltonian ***
there are 1000 kpts to do
proc[0] will do 250 kpts

 density rms: 2.22045e-15
 spin up rms: 3.95250e-02
 spin down rms: 3.95250e-02
 magnetization:   0.00000

 hubbard_energy: -7.709011e-01
 free_energy: -1.562928e+00
 band_energy: -7.920264e-01
 ground_state_energy: -1.562928e+00
 entropy: 0.000000e+00

 energy residual:  3.505425e-04

local timer:
  (label)                    (calls)     (lap)     (total) 
  scf_step[34]                    1      0.016      0.016   s 

----------------------------- scf step: 35 -----------------------------

*** hamiltonian ***
there are 1000 kpts to do
proc[0] will do 250 kpts

 density rms: 3.10862e-15
 spin up rms: 3.77735e-02
 spin down rms: 3.77735e-02
 magnetization:   0.00000

 hubbard_energy: -7.759864e-01
 free_energy: -1.563242e+00
 band_energy: -7.872553e-01
 ground_state_energy: -1.563242e+00
 entropy: 0.000000e+00

 energy residual:  3.141279e-04

local timer:
  (label)                    (calls)     (lap)     (total) 
  scf_step[35]                    1      0.016      0.016   s 

----------------------------- scf step: 36 -----------------------------

*** hamiltonian ***
there are 1000 kpts to do
proc[0] will do 250 kpts

 density rms: 4.44089e-16
 spin up rms: 3.61144e-02
 spin down rms: 3.61144e-02
 magnetization:   0.00000

 hubbard_energy: -7.807949e-01
 free_energy: -1.563523e+00
 band_energy: -7.827282e-01
 ground_state_energy: -1.563523e+00
 entropy: 2.220446e-13

 energy residual:  2.814575e-04

local timer:
  (label)                    (calls)     (lap)     (total) 
  scf_step[36]                    1      0.016      0.016   s 

----------------------------- scf step: 37 -----------------------------

*** hamiltonian ***
there are 1000 kpts to do
proc[0] will do 250 kpts

 density rms: 4.44089e-16
 spin up rms: 3.45418e-02
 spin down rms: 3.45418e-02
 magnetization:   0.00000

 hubbard_energy: -7.853453e-01
 free_energy: -1.563775e+00
 band_energy: -7.784300e-01
 ground_state_energy: -1.563775e+00
 entropy: -4.440892e-13

 energy residual:  2.521245e-04

local timer:
  (label)                    (calls)     (lap)     (total) 
  scf_step[37]                    1      0.016      0.016   s 

----------------------------- scf step: 38 -----------------------------

*** hamiltonian ***
there are 1000 kpts to do
proc[0] will do 250 kpts

 density rms: 1.11022e-15
 spin up rms: 3.30503e-02
 spin down rms: 3.30503e-02
 magnetization:   0.00000

 hubbard_energy: -7.896544e-01
 free_energy: -1.564001e+00
 band_energy: -7.743465e-01
 ground_state_energy: -1.564001e+00
 entropy: 4.440892e-13

 energy residual:  2.257701e-04

local timer:
  (label)                    (calls)     (lap)     (total) 
  scf_step[38]                    1      0.016      0.016   s 

----------------------------- scf step: 39 -----------------------------

*** hamiltonian ***
there are 1000 kpts to do
proc[0] will do 250 kpts

 density rms: 8.88178e-16
 spin up rms: 3.16348e-02
 spin down rms: 3.16348e-02
 magnetization:   0.00000

 hubbard_energy: -7.937381e-01
 free_energy: -1.564203e+00
 band_energy: -7.704649e-01
 ground_state_energy: -1.564203e+00
 entropy: 0.000000e+00

 energy residual:  2.020768e-04

local timer:
  (label)                    (calls)     (lap)     (total) 
  scf_step[39]                    1      0.015      0.015   s 

----------------------------- scf step: 40 -----------------------------

*** hamiltonian ***
there are 1000 kpts to do
proc[0] will do 250 kpts

 density rms: 4.44089e-16
 spin up rms: 3.02907e-02
 spin down rms: 3.02907e-02
 magnetization:   0.00000

 hubbard_energy: -7.976108e-01
 free_energy: -1.564384e+00
 band_energy: -7.667730e-01
 ground_state_energy: -1.564384e+00
 entropy: 6.661338e-13

 energy residual:  1.807632e-04

local timer:
  (label)                    (calls)     (lap)     (total) 
  scf_step[40]                    1      0.016      0.016   s 

----------------------------- scf step: 41 -----------------------------

*** hamiltonian ***
there are 1000 kpts to do
proc[0] will do 250 kpts

 density rms: 8.88178e-16
 spin up rms: 2.90136e-02
 spin down rms: 2.90136e-02
 magnetization:   0.00000

 hubbard_energy: -8.012858e-01
 free_energy: -1.564545e+00
 band_energy: -7.632596e-01
 ground_state_energy: -1.564545e+00
 entropy: -2.220446e-13

 energy residual:  1.615803e-04

local timer:
  (label)                    (calls)     (lap)     (total) 
  scf_step[41]                    1      0.016      0.016   s 

----------------------------- scf step: 42 -----------------------------

*** hamiltonian ***
there are 1000 kpts to do
proc[0] will do 250 kpts

 density rms: 1.77636e-15
 spin up rms: 2.77996e-02
 spin down rms: 2.77996e-02
 magnetization:   0.00000

 hubbard_energy: -8.047754e-01
 free_energy: -1.564690e+00
 band_energy: -7.599143e-01
 ground_state_energy: -1.564690e+00
 entropy: -2.220446e-13

 energy residual:  1.443065e-04

local timer:
  (label)                    (calls)     (lap)     (total) 
  scf_step[42]                    1      0.016      0.016   s 

----------------------------- scf step: 43 -----------------------------

*** hamiltonian ***
there are 1000 kpts to do
proc[0] will do 250 kpts

 density rms: 1.33227e-15
 spin up rms: 2.66450e-02
 spin down rms: 2.66450e-02
 magnetization:   0.00000

 hubbard_energy: -8.080911e-01
 free_energy: -1.564818e+00
 band_energy: -7.567274e-01
 ground_state_energy: -1.564818e+00
 entropy: 2.220446e-13

 energy residual:  1.287452e-04

local timer:
  (label)                    (calls)     (lap)     (total) 
  scf_step[43]                    1      0.016      0.016   s 

----------------------------- scf step: 44 -----------------------------

*** hamiltonian ***
there are 1000 kpts to do
proc[0] will do 250 kpts

 density rms: 4.44089e-16
 spin up rms: 2.55462e-02
 spin down rms: 2.55462e-02
 magnetization:   0.00000

 hubbard_energy: -8.112434e-01
 free_energy: -1.564933e+00
 band_energy: -7.536898e-01
 ground_state_energy: -1.564933e+00
 entropy: 0.000000e+00

 energy residual:  1.147212e-04

local timer:
  (label)                    (calls)     (lap)     (total) 
  scf_step[44]                    1      0.015      0.015   s 

----------------------------- scf step: 45 -----------------------------

*** hamiltonian ***
there are 1000 kpts to do
proc[0] will do 250 kpts

 density rms: 2.66454e-15
 spin up rms: 2.45000e-02
 spin down rms: 2.45000e-02
 magnetization:   0.00000

 hubbard_energy: -8.142420e-01
 free_energy: -1.565035e+00
 band_energy: -7.507932e-01
 ground_state_energy: -1.565035e+00
 entropy: -2.220446e-13

 energy residual:  1.020786e-04

local timer:
  (label)                    (calls)     (lap)     (total) 
  scf_step[45]                    1      0.016      0.016   s 

----------------------------- scf step: 46 -----------------------------

*** hamiltonian ***
there are 1000 kpts to do
proc[0] will do 250 kpts

 density rms: 0.00000e+00
 spin up rms: 2.35035e-02
 spin down rms: 2.35035e-02
 magnetization:   0.00000

 hubbard_energy: -8.170961e-01
 free_energy: -1.565126e+00
 band_energy: -7.480298e-01
 ground_state_energy: -1.565126e+00
 entropy: 0.000000e+00

 energy residual:  9.067819e-05

local timer:
  (label)                    (calls)     (lap)     (total) 
  scf_step[46]                    1      0.016      0.016   s 

----------------------------- scf step: 47 -----------------------------

*** hamiltonian ***
there are 1000 kpts to do
proc[0] will do 250 kpts

 density rms: 4.44089e-16
 spin up rms: 2.25538e-02
 spin down rms: 2.25538e-02
 magnetization:   0.00000

 hubbard_energy: -8.198142e-01
 free_energy: -1.565206e+00
 band_energy: -7.453922e-01
 ground_state_energy: -1.565206e+00
 entropy: 2.220446e-13

 energy residual:  8.039572e-05

local timer:
  (label)                    (calls)     (lap)     (total) 
  scf_step[47]                    1      0.016      0.016   s 

----------------------------- scf step: 48 -----------------------------

*** hamiltonian ***
there are 1000 kpts to do
proc[0] will do 250 kpts

 density rms: 2.22045e-15
 spin up rms: 2.16483e-02
 spin down rms: 2.16483e-02
 magnetization:   0.00000

 hubbard_energy: -8.224039e-01
 free_energy: -1.565277e+00
 band_energy: -7.428735e-01
 ground_state_energy: -1.565277e+00
 entropy: 0.000000e+00

 energy residual:  7.112010e-05

local timer:
  (label)                    (calls)     (lap)     (total) 
  scf_step[48]                    1      0.015      0.015   s 

----------------------------- scf step: 49 -----------------------------

*** hamiltonian ***
there are 1000 kpts to do
proc[0] will do 250 kpts

 density rms: 1.33227e-15
 spin up rms: 2.07846e-02
 spin down rms: 2.07846e-02
 magnetization:   0.00000

 hubbard_energy: -8.248727e-01
 free_energy: -1.565340e+00
 band_energy: -7.404675e-01
 ground_state_energy: -1.565340e+00
 entropy: 2.220446e-13

 energy residual:  6.275194e-05

local timer:
  (label)                    (calls)     (lap)     (total) 
  scf_step[49]                    1      0.016      0.016   s 

----------------------------- scf step: 50 -----------------------------

*** hamiltonian ***
there are 1000 kpts to do
proc[0] will do 250 kpts

 density rms: 0.00000e+00
 spin up rms: 1.99604e-02
 spin down rms: 1.99604e-02
 magnetization:   0.00000

 hubbard_energy: -8.272274e-01
 free_energy: -1.565395e+00
 band_energy: -7.381680e-01
 ground_state_energy: -1.565395e+00
 entropy: 2.220446e-13

 energy residual:  5.520221e-05

local timer:
  (label)                    (calls)     (lap)     (total) 
  scf_step[50]                    1      0.016      0.016   s 

----------------------------- scf step: 51 -----------------------------

*** hamiltonian ***
there are 1000 kpts to do
proc[0] will do 250 kpts

 density rms: 4.44089e-16
 spin up rms: 1.91735e-02
 spin down rms: 1.91735e-02
 magnetization:   0.00000

 hubbard_energy: -8.294742e-01
 free_energy: -1.565444e+00
 band_energy: -7.359696e-01
 ground_state_energy: -1.565444e+00
 entropy: -4.440892e-13

 energy residual:  4.839108e-05

local timer:
  (label)                    (calls)     (lap)     (total) 
  scf_step[51]                    1      0.016      0.016   s 

----------------------------- scf step: 52 -----------------------------

*** hamiltonian ***
there are 1000 kpts to do
proc[0] will do 250 kpts

 density rms: 8.88178e-16
 spin up rms: 1.84220e-02
 spin down rms: 1.84220e-02
 magnetization:   0.00000

 hubbard_energy: -8.316191e-01
 free_energy: -1.565486e+00
 band_energy: -7.338670e-01
 ground_state_energy: -1.565486e+00
 entropy: -4.440892e-13

 energy residual:  4.224691e-05

local timer:
  (label)                    (calls)     (lap)     (total) 
  scf_step[52]                    1      0.016      0.016   s 

----------------------------- scf step: 53 -----------------------------

*** hamiltonian ***
there are 1000 kpts to do
proc[0] will do 250 kpts

 density rms: 8.88178e-16
 spin up rms: 1.77039e-02
 spin down rms: 1.77039e-02
 magnetization:   0.00000

 hubbard_energy: -8.336675e-01
 free_energy: -1.565523e+00
 band_energy: -7.318552e-01
 ground_state_energy: -1.565523e+00
 entropy: -4.440892e-13

 energy residual:  3.670537e-05

local timer:
  (label)                    (calls)     (lap)     (total) 
  scf_step[53]                    1      0.016      0.016   s 

----------------------------- scf step: 54 -----------------------------

*** hamiltonian ***
there are 1000 kpts to do
proc[0] will do 250 kpts

 density rms: 4.44089e-16
 spin up rms: 1.70176e-02
 spin down rms: 1.70176e-02
 magnetization:   0.00000

 hubbard_energy: -8.356248e-01
 free_energy: -1.565554e+00
 band_energy: -7.299297e-01
 ground_state_energy: -1.565554e+00
 entropy: 4.440892e-13

 energy residual:  3.170860e-05

local timer:
  (label)                    (calls)     (lap)     (total) 
  scf_step[54]                    1      0.016      0.016   s 

----------------------------- scf step: 55 -----------------------------

*** hamiltonian ***
there are 1000 kpts to do
proc[0] will do 250 kpts

 density rms: 8.88178e-16
 spin up rms: 1.63614e-02
 spin down rms: 1.63614e-02
 magnetization:   0.00000

 hubbard_energy: -8.374957e-01
 free_energy: -1.565582e+00
 band_energy: -7.280860e-01
 ground_state_energy: -1.565582e+00
 entropy: -2.220446e-13

 energy residual:  2.720454e-05

local timer:
  (label)                    (calls)     (lap)     (total) 
  scf_step[55]                    1      0.016      0.016   s 

----------------------------- scf step: 56 -----------------------------

*** hamiltonian ***
there are 1000 kpts to do
proc[0] will do 250 kpts

 density rms: 2.22045e-15
 spin up rms: 1.57336e-02
 spin down rms: 1.57336e-02
 magnetization:   0.00000

 hubbard_energy: -8.392846e-01
 free_energy: -1.565605e+00
 band_energy: -7.263202e-01
 ground_state_energy: -1.565605e+00
 entropy: -4.440892e-13

 energy residual:  2.314633e-05

local timer:
  (label)                    (calls)     (lap)     (total) 
  scf_step[56]                    1      0.016      0.016   s 

----------------------------- scf step: 57 -----------------------------

*** hamiltonian ***
there are 1000 kpts to do
proc[0] will do 250 kpts

 density rms: 1.33227e-15
 spin up rms: 1.51330e-02
 spin down rms: 1.51330e-02
 magnetization:   0.00000

 hubbard_energy: -8.409960e-01
 free_energy: -1.565624e+00
 band_energy: -7.246283e-01
 ground_state_energy: -1.565624e+00
 entropy: 0.000000e+00

 energy residual:  1.949171e-05

local timer:
  (label)                    (calls)     (lap)     (total) 
  scf_step[57]                    1      0.016      0.016   s 

----------------------------- scf step: 58 -----------------------------

*** hamiltonian ***
there are 1000 kpts to do
proc[0] will do 250 kpts

 density rms: 1.11022e-15
 spin up rms: 1.45581e-02
 spin down rms: 1.45581e-02
 magnetization:   0.00000

 hubbard_energy: -8.426337e-01
 free_energy: -1.565641e+00
 band_energy: -7.230068e-01
 ground_state_energy: -1.565641e+00
 entropy: -2.220446e-13

 energy residual:  1.620259e-05

local timer:
  (label)                    (calls)     (lap)     (total) 
  scf_step[58]                    1      0.016      0.016   s 

----------------------------- scf step: 59 -----------------------------

*** hamiltonian ***
there are 1000 kpts to do
proc[0] will do 250 kpts

 density rms: 8.88178e-16
 spin up rms: 1.40076e-02
 spin down rms: 1.40076e-02
 magnetization:   0.00000

 hubbard_energy: -8.442014e-01
 free_energy: -1.565654e+00
 band_energy: -7.214523e-01
 ground_state_energy: -1.565654e+00
 entropy: 0.000000e+00

 energy residual:  1.324456e-05

local timer:
  (label)                    (calls)     (lap)     (total) 
  scf_step[59]                    1      0.016      0.016   s 

----------------------------- scf step: 60 -----------------------------

*** hamiltonian ***
there are 1000 kpts to do
proc[0] will do 250 kpts

 density rms: 8.88178e-16
 spin up rms: 1.34804e-02
 spin down rms: 1.34804e-02
 magnetization:   0.00000

 hubbard_energy: -8.457028e-01
 free_energy: -1.565664e+00
 band_energy: -7.199615e-01
 ground_state_energy: -1.565664e+00
 entropy: 0.000000e+00

 energy residual:  1.058658e-05

local timer:
  (label)                    (calls)     (lap)     (total) 
  scf_step[60]                    1      0.015      0.015   s 

----------------------------- scf step: 61 -----------------------------

*** hamiltonian ***
there are 1000 kpts to do
proc[0] will do 250 kpts

 density rms: 4.88498e-15
 spin up rms: 1.29753e-02
 spin down rms: 1.29753e-02
 magnetization:   0.00000

 hubbard_energy: -8.471410e-01
 free_energy: -1.565673e+00
 band_energy: -7.185315e-01
 ground_state_energy: -1.565673e+00
 entropy: 0.000000e+00

 energy residual:  8.200551e-06

local timer:
  (label)                    (calls)     (lap)     (total) 
  scf_step[61]                    1      0.016      0.016   s 

----------------------------- scf step: 62 -----------------------------

*** hamiltonian ***
there are 1000 kpts to do
proc[0] will do 250 kpts

 density rms: 1.77636e-15
 spin up rms: 1.24911e-02
 spin down rms: 1.24911e-02
 magnetization:   0.00000

 hubbard_energy: -8.485192e-01
 free_energy: -1.565679e+00
 band_energy: -7.171594e-01
 ground_state_energy: -1.565679e+00
 entropy: -2.220446e-13

 energy residual:  6.061088e-06

local timer:
  (label)                    (calls)     (lap)     (total) 
  scf_step[62]                    1      0.015      0.015   s 

----------------------------- scf step: 63 -----------------------------

*** hamiltonian ***
there are 1000 kpts to do
proc[0] will do 250 kpts

 density rms: 1.77636e-15
 spin up rms: 1.20270e-02
 spin down rms: 1.20270e-02
 magnetization:   0.00000

 hubbard_energy: -8.498403e-01
 free_energy: -1.565683e+00
 band_energy: -7.158425e-01
 ground_state_energy: -1.565683e+00
 entropy: 2.220446e-13

 energy residual:  4.145205e-06

local timer:
  (label)                    (calls)     (lap)     (total) 
  scf_step[63]                    1      0.015      0.015   s 

----------------------------- scf step: 64 -----------------------------

*** hamiltonian ***
there are 1000 kpts to do
proc[0] will do 250 kpts

 density rms: 1.77636e-15
 spin up rms: 1.15819e-02
 spin down rms: 1.15819e-02
 magnetization:   0.00000

 hubbard_energy: -8.511070e-01
 free_energy: -1.565685e+00
 band_energy: -7.145782e-01
 ground_state_energy: -1.565685e+00
 entropy: -2.220446e-13

 energy residual:  2.432090e-06

local timer:
  (label)                    (calls)     (lap)     (total) 
  scf_step[64]                    1      0.016      0.016   s 

----------------------------- scf step: 65 -----------------------------

*** hamiltonian ***
there are 1000 kpts to do
proc[0] will do 250 kpts

 density rms: 8.88178e-16
 spin up rms: 1.11550e-02
 spin down rms: 1.11550e-02
 magnetization:   0.00000

 hubbard_energy: -8.523220e-01
 free_energy: -1.565686e+00
 band_energy: -7.133641e-01
 ground_state_energy: -1.565686e+00
 entropy: -2.220446e-13

 energy residual:  9.028844e-07

local timer:
  (label)                    (calls)     (lap)     (total) 
  scf_step[65]                    1      0.016      0.016   s 

----------------------------- scf step: 66 -----------------------------

*** hamiltonian ***
there are 1000 kpts to do
proc[0] will do 250 kpts

 density rms: 2.66454e-15
 spin up rms: 1.07454e-02
 spin down rms: 1.07454e-02
 magnetization:   0.00000

 hubbard_energy: -8.534876e-01
 free_energy: -1.565686e+00
 band_energy: -7.121980e-01
 ground_state_energy: -1.565686e+00
 entropy: 0.000000e+00

 energy residual:  4.595073e-07

local timer:
  (label)                    (calls)     (lap)     (total) 
  scf_step[66]                    1      0.016      0.016   s 

----------------------------- scf step: 67 -----------------------------

*** hamiltonian ***
there are 1000 kpts to do
proc[0] will do 250 kpts

 density rms: 8.88178e-16
 spin up rms: 1.03523e-02
 spin down rms: 1.03523e-02
 magnetization:   0.00000

 hubbard_energy: -8.546063e-01
 free_energy: -1.565684e+00
 band_energy: -7.110777e-01
 ground_state_energy: -1.565684e+00
 entropy: -2.220446e-13

 energy residual:  1.670593e-06

local timer:
  (label)                    (calls)     (lap)     (total) 
  scf_step[67]                    1      0.016      0.016   s 

----------------------------- scf step: 68 -----------------------------

*** hamiltonian ***
there are 1000 kpts to do
proc[0] will do 250 kpts

 density rms: 1.33227e-15
 spin up rms: 9.97497e-03
 spin down rms: 9.97497e-03
 magnetization:   0.00000

 hubbard_energy: -8.556801e-01
 free_energy: -1.565681e+00
 band_energy: -7.100011e-01
 ground_state_energy: -1.565681e+00
 entropy: -2.220446e-13

 energy residual:  2.744444e-06

local timer:
  (label)                    (calls)     (lap)     (total) 
  scf_step[68]                    1      0.016      0.016   s 

----------------------------- scf step: 69 -----------------------------

*** hamiltonian ***
there are 1000 kpts to do
proc[0] will do 250 kpts

 density rms: 4.44089e-16
 spin up rms: 9.61264e-03
 spin down rms: 9.61264e-03
 magnetization:   0.00000

 hubbard_energy: -8.567111e-01
 free_energy: -1.565678e+00
 band_energy: -7.089664e-01
 ground_state_energy: -1.565678e+00
 entropy: -2.220446e-13

 energy residual:  3.693839e-06

local timer:
  (label)                    (calls)     (lap)     (total) 
  scf_step[69]                    1      0.016      0.016   s 

----------------------------- scf step: 70 -----------------------------

*** hamiltonian ***
there are 1000 kpts to do
proc[0] will do 250 kpts

 density rms: 1.77636e-15
 spin up rms: 9.26466e-03
 spin down rms: 9.26466e-03
 magnetization:   0.00000

 hubbard_energy: -8.577013e-01
 free_energy: -1.565673e+00
 band_energy: -7.079717e-01
 ground_state_energy: -1.565673e+00
 entropy: -4.440892e-13

 energy residual:  4.530383e-06

local timer:
  (label)                    (calls)     (lap)     (total) 
  scf_step[70]                    1      0.016      0.016   s 

----------------------------- scf step: 71 -----------------------------

*** hamiltonian ***
there are 1000 kpts to do
proc[0] will do 250 kpts

 density rms: 1.55431e-15
 spin up rms: 8.93037e-03
 spin down rms: 8.93037e-03
 magnetization:   0.00000

 hubbard_energy: -8.586526e-01
 free_energy: -1.565668e+00
 band_energy: -7.070152e-01
 ground_state_energy: -1.565668e+00
 entropy: -4.440892e-13

 energy residual:  5.264622e-06

local timer:
  (label)                    (calls)     (lap)     (total) 
  scf_step[71]                    1      0.016      0.016   s 

----------------------------- scf step: 72 -----------------------------

*** hamiltonian ***
there are 1000 kpts to do
proc[0] will do 250 kpts

 density rms: 1.33227e-15
 spin up rms: 8.60918e-03
 spin down rms: 8.60918e-03
 magnetization:   0.00000

 hubbard_energy: -8.595666e-01
 free_energy: -1.565662e+00
 band_energy: -7.060953e-01
 ground_state_energy: -1.565662e+00
 entropy: 4.440892e-13

 energy residual:  5.906142e-06

local timer:
  (label)                    (calls)     (lap)     (total) 
  scf_step[72]                    1      0.016      0.016   s 

----------------------------- scf step: 73 -----------------------------

*** hamiltonian ***
there are 1000 kpts to do
proc[0] will do 250 kpts

 density rms: 2.66454e-15
 spin up rms: 8.30049e-03
 spin down rms: 8.30049e-03
 magnetization:   0.00000

 hubbard_energy: -8.604450e-01
 free_energy: -1.565655e+00
 band_energy: -7.052104e-01
 ground_state_energy: -1.565655e+00
 entropy: -2.220446e-13

 energy residual:  6.463660e-06

local timer:
  (label)                    (calls)     (lap)     (total) 
  scf_step[73]                    1      0.016      0.016   s 

----------------------------- scf step: 74 -----------------------------

*** hamiltonian ***
there are 1000 kpts to do
proc[0] will do 250 kpts

 density rms: 0.00000e+00
 spin up rms: 8.00377e-03
 spin down rms: 8.00377e-03
 magnetization:   0.00000

 hubbard_energy: -8.612894e-01
 free_energy: -1.565648e+00
 band_energy: -7.043590e-01
 ground_state_energy: -1.565648e+00
 entropy: 0.000000e+00

 energy residual:  6.945107e-06

local timer:
  (label)                    (calls)     (lap)     (total) 
  scf_step[74]                    1      0.015      0.015   s 

----------------------------- scf step: 75 -----------------------------

*** hamiltonian ***
there are 1000 kpts to do
proc[0] will do 250 kpts

 density rms: 4.44089e-16
 spin up rms: 7.71848e-03
 spin down rms: 7.71848e-03
 magnetization:   0.00000

 hubbard_energy: -8.621013e-01
 free_energy: -1.565641e+00
 band_energy: -7.035398e-01
 ground_state_energy: -1.565641e+00
 entropy: 2.220446e-13

 energy residual:  7.357699e-06

local timer:
  (label)                    (calls)     (lap)     (total) 
  scf_step[75]                    1      0.016      0.016   s 

----------------------------- scf step: 76 -----------------------------

*** hamiltonian ***
there are 1000 kpts to do
proc[0] will do 250 kpts

 density rms: 2.22045e-15
 spin up rms: 7.44414e-03
 spin down rms: 7.44414e-03
 magnetization:   0.00000

 hubbard_energy: -8.628820e-01
 free_energy: -1.565633e+00
 band_energy: -7.027513e-01
 ground_state_energy: -1.565633e+00
 entropy: 2.220446e-13

 energy residual:  7.708002e-06

local timer:
  (label)                    (calls)     (lap)     (total) 
  scf_step[76]                    1      0.016      0.016   s 

----------------------------- scf step: 77 -----------------------------

*** hamiltonian ***
there are 1000 kpts to do
proc[0] will do 250 kpts

 density rms: 1.33227e-15
 spin up rms: 7.18028e-03
 spin down rms: 7.18028e-03
 magnetization:   0.00000

 hubbard_energy: -8.636330e-01
 free_energy: -1.565625e+00
 band_energy: -7.019923e-01
 ground_state_energy: -1.565625e+00
 entropy: 2.220446e-13

 energy residual:  8.001996e-06

local timer:
  (label)                    (calls)     (lap)     (total) 
  scf_step[77]                    1      0.016      0.016   s 

----------------------------- scf step: 78 -----------------------------

*** hamiltonian ***
there are 1000 kpts to do
proc[0] will do 250 kpts

 density rms: 3.99680e-15
 spin up rms: 6.92645e-03
 spin down rms: 6.92645e-03
 magnetization:   0.00000

 hubbard_energy: -8.643555e-01
 free_energy: -1.565617e+00
 band_energy: -7.012616e-01
 ground_state_energy: -1.565617e+00
 entropy: 0.000000e+00

 energy residual:  8.245124e-06

local timer:
  (label)                    (calls)     (lap)     (total) 
  scf_step[78]                    1      0.016      0.016   s 

----------------------------- scf step: 79 -----------------------------

*** hamiltonian ***
there are 1000 kpts to do
proc[0] will do 250 kpts

 density rms: 4.44089e-15
 spin up rms: 6.68222e-03
 spin down rms: 6.68222e-03
 magnetization:   0.00000

 hubbard_energy: -8.650507e-01
 free_energy: -1.565609e+00
 band_energy: -7.005579e-01
 ground_state_energy: -1.565609e+00
 entropy: -2.220446e-13

 energy residual:  8.442345e-06

local timer:
  (label)                    (calls)     (lap)     (total) 
  scf_step[79]                    1      0.015      0.015   s 

----------------------------- scf step: 80 -----------------------------

*** hamiltonian ***
there are 1000 kpts to do
proc[0] will do 250 kpts

 density rms: 1.33227e-15
 spin up rms: 6.44719e-03
 spin down rms: 6.44719e-03
 magnetization:   0.00000

 hubbard_energy: -8.657198e-01
 free_energy: -1.565600e+00
 band_energy: -6.998803e-01
 ground_state_energy: -1.565600e+00
 entropy: 0.000000e+00

 energy residual:  8.598174e-06

local timer:
  (label)                    (calls)     (lap)     (total) 
  scf_step[80]                    1      0.016      0.016   s 

----------------------------- scf step: 81 -----------------------------

*** hamiltonian ***
there are 1000 kpts to do
proc[0] will do 250 kpts

 density rms: 4.44089e-16
 spin up rms: 6.22098e-03
 spin down rms: 6.22098e-03
 magnetization:   0.00000

 hubbard_energy: -8.663638e-01
 free_energy: -1.565591e+00
 band_energy: -6.992275e-01
 ground_state_energy: -1.565591e+00
 entropy: 0.000000e+00

 energy residual:  8.716726e-06

local timer:
  (label)                    (calls)     (lap)     (total) 
  scf_step[81]                    1      0.016      0.016   s 

----------------------------- scf step: 82 -----------------------------

*** hamiltonian ***
there are 1000 kpts to do
proc[0] will do 250 kpts

 density rms: 6.66134e-16
 spin up rms: 6.00321e-03
 spin down rms: 6.00321e-03
 magnetization:   0.00000

 hubbard_energy: -8.669838e-01
 free_energy: -1.565583e+00
 band_energy: -6.985987e-01
 ground_state_energy: -1.565583e+00
 entropy: -4.440892e-13

 energy residual:  8.801747e-06

local timer:
  (label)                    (calls)     (lap)     (total) 
  scf_step[82]                    1      0.016      0.016   s 

----------------------------- scf step: 83 -----------------------------

*** hamiltonian ***
there are 1000 kpts to do
proc[0] will do 250 kpts

 density rms: 2.22045e-15
 spin up rms: 5.79355e-03
 spin down rms: 5.79355e-03
 magnetization:   0.00000

 hubbard_energy: -8.675808e-01
 free_energy: -1.565574e+00
 band_energy: -6.979929e-01
 ground_state_energy: -1.565574e+00
 entropy: 2.220446e-13

 energy residual:  8.856652e-06

local timer:
  (label)                    (calls)     (lap)     (total) 
  scf_step[83]                    1      0.016      0.016   s 

----------------------------- scf step: 84 -----------------------------

*** hamiltonian ***
there are 1000 kpts to do
proc[0] will do 250 kpts

 density rms: 0.00000e+00
 spin up rms: 5.59165e-03
 spin down rms: 5.59165e-03
 magnetization:   0.00000

 hubbard_energy: -8.681556e-01
 free_energy: -1.565565e+00
 band_energy: -6.974091e-01
 ground_state_energy: -1.565565e+00
 entropy: 4.440892e-13

 energy residual:  8.884551e-06

local timer:
  (label)                    (calls)     (lap)     (total) 
  scf_step[84]                    1      0.016      0.016   s 

----------------------------- scf step: 85 -----------------------------

*** hamiltonian ***
there are 1000 kpts to do
proc[0] will do 250 kpts

 density rms: 1.11022e-15
 spin up rms: 5.39721e-03
 spin down rms: 5.39721e-03
 magnetization:   0.00000

 hubbard_energy: -8.687094e-01
 free_energy: -1.565556e+00
 band_energy: -6.968465e-01
 ground_state_energy: -1.565556e+00
 entropy: 4.440892e-13

 energy residual:  8.888278e-06

local timer:
  (label)                    (calls)     (lap)     (total) 
  scf_step[85]                    1      0.016      0.016   s 

----------------------------- scf step: 86 -----------------------------

*** hamiltonian ***
there are 1000 kpts to do
proc[0] will do 250 kpts

 density rms: 2.22045e-15
 spin up rms: 5.20992e-03
 spin down rms: 5.20992e-03
 magnetization:   0.00000

 hubbard_energy: -8.692428e-01
 free_energy: -1.565547e+00
 band_energy: -6.963043e-01
 ground_state_energy: -1.565547e+00
 entropy: -4.440892e-13

 energy residual:  8.870413e-06

local timer:
  (label)                    (calls)     (lap)     (total) 
  scf_step[86]                    1      0.016      0.016   s 

----------------------------- scf step: 87 -----------------------------

*** hamiltonian ***
there are 1000 kpts to do
proc[0] will do 250 kpts

 density rms: 1.77636e-15
 spin up rms: 5.02949e-03
 spin down rms: 5.02949e-03
 magnetization:   0.00000

 hubbard_energy: -8.697567e-01
 free_energy: -1.565538e+00
 band_energy: -6.957815e-01
 ground_state_energy: -1.565538e+00
 entropy: 0.000000e+00

 energy residual:  8.833308e-06

local timer:
  (label)                    (calls)     (lap)     (total) 
  scf_step[87]                    1      0.016      0.016   s 

----------------------------- scf step: 88 -----------------------------

*** hamiltonian ***
there are 1000 kpts to do
proc[0] will do 250 kpts

 density rms: 0.00000e+00
 spin up rms: 4.85565e-03
 spin down rms: 4.85565e-03
 magnetization:   0.00000

 hubbard_energy: -8.702518e-01
 free_energy: -1.565529e+00
 band_energy: -6.952776e-01
 ground_state_energy: -1.565529e+00
 entropy: -2.220446e-13

 energy residual:  8.779103e-06

local timer:
  (label)                    (calls)     (lap)     (total) 
  scf_step[88]                    1      0.016      0.016   s 

----------------------------- scf step: 89 -----------------------------

*** hamiltonian ***
there are 1000 kpts to do
proc[0] will do 250 kpts

 density rms: 1.77636e-15
 spin up rms: 4.68813e-03
 spin down rms: 4.68813e-03
 magnetization:   0.00000

 hubbard_energy: -8.707290e-01
 free_energy: -1.565521e+00
 band_energy: -6.947917e-01
 ground_state_energy: -1.565521e+00
 entropy: -2.220446e-13

 energy residual:  8.709747e-06

local timer:
  (label)                    (calls)     (lap)     (total) 
  scf_step[89]                    1      0.016      0.016   s 

----------------------------- scf step: 90 -----------------------------

*** hamiltonian ***
there are 1000 kpts to do
proc[0] will do 250 kpts

 density rms: 1.11022e-15
 spin up rms: 4.52669e-03
 spin down rms: 4.52669e-03
 magnetization:   0.00000

 hubbard_energy: -8.711890e-01
 free_energy: -1.565512e+00
 band_energy: -6.943231e-01
 ground_state_energy: -1.565512e+00
 entropy: -8.881784e-13

 energy residual:  8.627013e-06

local timer:
  (label)                    (calls)     (lap)     (total) 
  scf_step[90]                    1      0.016      0.016   s 

----------------------------- scf step: 91 -----------------------------

*** hamiltonian ***
there are 1000 kpts to do
proc[0] will do 250 kpts

 density rms: 1.55431e-15
 spin up rms: 4.37108e-03
 spin down rms: 4.37108e-03
 magnetization:   0.00000

 hubbard_energy: -8.716323e-01
 free_energy: -1.565504e+00
 band_energy: -6.938712e-01
 ground_state_energy: -1.565504e+00
 entropy: 4.440892e-13

 energy residual:  8.532517e-06

local timer:
  (label)                    (calls)     (lap)     (total) 
  scf_step[91]                    1      0.016      0.016   s 

----------------------------- scf step: 92 -----------------------------

*** hamiltonian ***
there are 1000 kpts to do
proc[0] will do 250 kpts

 density rms: 4.44089e-16
 spin up rms: 4.22109e-03
 spin down rms: 4.22109e-03
 magnetization:   0.00000

 hubbard_energy: -8.720597e-01
 free_energy: -1.565495e+00
 band_energy: -6.934354e-01
 ground_state_energy: -1.565495e+00
 entropy: 0.000000e+00

 energy residual:  8.427725e-06

local timer:
  (label)                    (calls)     (lap)     (total) 
  scf_step[92]                    1      0.016      0.016   s 

----------------------------- scf step: 93 -----------------------------

*** hamiltonian ***
there are 1000 kpts to do
proc[0] will do 250 kpts

 density rms: 8.88178e-16
 spin up rms: 4.07647e-03
 spin down rms: 4.07647e-03
 magnetization:   0.00000

 hubbard_energy: -8.724718e-01
 free_energy: -1.565487e+00
 band_energy: -6.930150e-01
 ground_state_energy: -1.565487e+00
 entropy: 0.000000e+00

 energy residual:  8.313972e-06

local timer:
  (label)                    (calls)     (lap)     (total) 
  scf_step[93]                    1      0.016      0.016   s 

----------------------------- scf step: 94 -----------------------------

*** hamiltonian ***
there are 1000 kpts to do
proc[0] will do 250 kpts

 density rms: 3.99680e-15
 spin up rms: 3.93704e-03
 spin down rms: 3.93704e-03
 magnetization:   0.00000

 hubbard_energy: -8.728691e-01
 free_energy: -1.565479e+00
 band_energy: -6.926095e-01
 ground_state_energy: -1.565479e+00
 entropy: 2.220446e-13

 energy residual:  8.192471e-06

local timer:
  (label)                    (calls)     (lap)     (total) 
  scf_step[94]                    1      0.016      0.016   s 

----------------------------- scf step: 95 -----------------------------

*** hamiltonian ***
there are 1000 kpts to do
proc[0] will do 250 kpts

 density rms: 6.66134e-16
 spin up rms: 3.80259e-03
 spin down rms: 3.80259e-03
 magnetization:   0.00000

 hubbard_energy: -8.732523e-01
 free_energy: -1.565471e+00
 band_energy: -6.922182e-01
 ground_state_energy: -1.565471e+00
 entropy: 0.000000e+00

 energy residual:  8.064322e-06

local timer:
  (label)                    (calls)     (lap)     (total) 
  scf_step[95]                    1      0.016      0.016   s 

----------------------------- scf step: 96 -----------------------------

*** hamiltonian ***
there are 1000 kpts to do
proc[0] will do 250 kpts

 density rms: 2.22045e-16
 spin up rms: 3.67293e-03
 spin down rms: 3.67293e-03
 magnetization:   0.00000

 hubbard_energy: -8.736219e-01
 free_energy: -1.565463e+00
 band_energy: -6.918407e-01
 ground_state_energy: -1.565463e+00
 entropy: 2.220446e-13

 energy residual:  7.930526e-06

local timer:
  (label)                    (calls)     (lap)     (total) 
  scf_step[96]                    1      0.016      0.016   s 

----------------------------- scf step: 97 -----------------------------

*** hamiltonian ***
there are 1000 kpts to do
proc[0] will do 250 kpts

 density rms: 3.55271e-15
 spin up rms: 3.54787e-03
 spin down rms: 3.54787e-03
 magnetization:   0.00000

 hubbard_energy: -8.739784e-01
 free_energy: -1.565455e+00
 band_energy: -6.914764e-01
 ground_state_energy: -1.565455e+00
 entropy: 0.000000e+00

 energy residual:  7.791988e-06

local timer:
  (label)                    (calls)     (lap)     (total) 
  scf_step[97]                    1      0.016      0.016   s 

----------------------------- scf step: 98 -----------------------------

*** hamiltonian ***
there are 1000 kpts to do
proc[0] will do 250 kpts

 density rms: 0.00000e+00
 spin up rms: 3.42724e-03
 spin down rms: 3.42724e-03
 magnetization:   0.00000

 hubbard_energy: -8.743223e-01
 free_energy: -1.565447e+00
 band_energy: -6.911249e-01
 ground_state_energy: -1.565447e+00
 entropy: 2.220446e-13

 energy residual:  7.649529e-06

local timer:
  (label)                    (calls)     (lap)     (total) 
  scf_step[98]                    1      0.016      0.016   s 

----------------------------- scf step: 99 -----------------------------

*** hamiltonian ***
there are 1000 kpts to do
proc[0] will do 250 kpts

 density rms: 1.77636e-15
 spin up rms: 3.31087e-03
 spin down rms: 3.31087e-03
 magnetization:   0.00000

 hubbard_energy: -8.746540e-01
 free_energy: -1.565440e+00
 band_energy: -6.907856e-01
 ground_state_energy: -1.565440e+00
 entropy: 4.440892e-13

 energy residual:  7.503893e-06

local timer:
  (label)                    (calls)     (lap)     (total) 
  scf_step[99]                    1      0.016      0.016   s 

---------------------------- scf step: 100 -----------------------------

*** hamiltonian ***
there are 1000 kpts to do
proc[0] will do 250 kpts

 density rms: 4.44089e-16
 spin up rms: 3.19860e-03
 spin down rms: 3.19860e-03
 magnetization:   0.00000

 hubbard_energy: -8.749741e-01
 free_energy: -1.565432e+00
 band_energy: -6.904582e-01
 ground_state_energy: -1.565432e+00
 entropy: -2.220446e-13

 energy residual:  7.355751e-06

local timer:
  (label)                    (calls)     (lap)     (total) 
  scf_step[100]                   1      0.016      0.016   s 

------------------------------------------------------------------------

scf loop failed to converge after 100 steps

*** final density ***
magnetization:   0.000
 (atom) (type) (density) (mag. density)
     0      0     1.000       0.350
     1      0     1.000      -0.350

*** converged electron thermo. ***
- normalized to the unitcell!
hubbard_energy: -8.778366e-01
free_energy: -1.568295e+00
band_energy: -6.904582e-01
ground_state_energy: -1.568295e+00
entropy: -2.220446e-13
fermi_energy: 1.000000e+00

*** gap ***
lumo_energy:   1.354
homo_energy:   0.646
estimated gap:   0.708
metallic: False

*** nesting function ***
now calculating the fermi-surface nesting function
there are 1 to do
 now on qpt 0/1

########################################################################
########################## final timing info ###########################
########################################################################

*** timing *** 
  (label)                    (calls)     (lap)     (total) 
  ELPH                            1      0.046      0.046   m 
  setup_electrons                 1      0.006      0.006   s 
  get_hopping_lists               1      0.000      0.000   s 
  run_electrons                   1      2.738      2.738   s 
  electron_scf                    1      1.567      1.567   s 
  solve_all_k_points            101      0.015      1.534   s 
  fixed_density_nscf              1      0.015      0.015   s 

########################################################################
the calculation finished willy-nilly
as always, check the results carefully
bye!
########################################################################

