

########################################################################
Electrons and Phonons 
author: Tyler C. Sterling
email: ty.sterling@colorado.edu
affil: Physics Dept., University of Colorado Boulder
  Neurtron Scattering and Raman Spectroscopy Lab
########################################################################


*** input-args ***
reading input from:
  'scf.py'

*** common variables ***

task: polaron_mft
temperature:   0.010
lattice_vectors:
  1.414214   0.000000   0.000000 
  0.000000   1.414214   0.000000 
  0.000000   0.000000  10.000000 
atom_types:
  Cu Cu O O O O 
atom_files:
  Cu.py
  O.py
atom_positions: (reduced coords)
  0.000000   0.000000   0.000000 
  0.500000   0.500000   0.000000 
  0.250000   0.250000   0.000000 
  0.250000   0.750000   0.000000 
  0.750000   0.250000   0.000000 
  0.750000   0.750000   0.000000 

*** electron variables ***

orbital_type: tight_binding
num_electrons:   1.90000
use_spin: True
use_hubbard_U: True
hopping_file:
  hopping.py
num_kpts_procs: 4
kpts_option: mesh
use_kpts_symmetry: True
use_time_reversal_symmetry: True
kpts_mesh: 200 200 1
spin_up_site_density:
 2.000 0.000 0.000 0.000 0.000 0.000
spin_down_site_density:
 0.000 1.000 0.000 0.000 0.000 0.000
do_electron_scf: True
max_electron_scf_steps: 400
electron_scf_density_tol: 1.000e-05
electron_scf_energy_tol: 1.000e-06
electron_mix_method: pulay
electron_mix_alpha:   0.400
electron_mix_beta:   0.400
electron_mix_history: 4
electron_mix_delay: 10
electron_output_file: electrons_out.hdf5
write_electron_eigenvectors: False
write_site_density: True

*** phonon variables ***

num_qpts_procs: 1
qpts_option: mesh
use_qpts_symmetry: False
qpts_mesh: 1 1 1
spring_constants_file:
  spring_constants.py
phonon_output_file: None
write_phonon_eigenvectors: True
phonon_eigenvectors_input_file:
  phonons.hdf5

*** polaron variables ***

polaron_output_file: polaron.hdf5
do_polaron_scf: True
max_polaron_scf_steps: 100
polaron_scf_displacement_tol: 1.000e-06
displacement_mix_method: simple
displacement_mix_alpha:   0.800

########################################################################
####################### setting up common stuff ########################
########################################################################

*** lattice (row vectors!) ***
direct_lattice
    1.41421   0.00000   0.00000 
    0.00000   1.41421   0.00000 
    0.00000   0.00000  10.00000 
reciprocal_lattice
    4.44288   0.00000   0.00000 
    0.00000   4.44288   0.00000 
    0.00000   0.00000   0.62832 

*** atoms ***
unique_atom_types:
  0  Cu
  1  O
num_atoms: 6
 (ind) (type) ---- (crystal coords) -----   ---- (cartesian coords) ----
    0    0    0.00000   0.00000   0.00000    0.00000   0.00000   0.00000
    1    0    0.50000   0.50000   0.00000    0.70711   0.70711   0.00000
    2    1    0.25000   0.25000   0.00000    0.35355   0.35355   0.00000
    3    1    0.25000   0.75000   0.00000    0.35355   1.06066   0.00000
    4    1    0.75000   0.25000   0.00000    1.06066   0.35355   0.00000
    5    1    0.75000   0.75000   0.00000    1.06066   1.06066   0.00000

########################################################################
####################### setting up polaron stuff #######################
########################################################################

*** orbitals ***
orbital_type: tight_binding
num_orbitals: 2

*** spring constants ***
getting spring constants from file:
  'spring_constants.py'

*** hopping ***
getting hopping data from file:
  'hopping.py'

*** electrons ***
total number of electrons in files: 8.00
number of valence electrons in files: 2.00
number of core electrons: 6.00
number of electrons in calculation: 1.90

*** WARNING ***
the number of electrons in the calculation doesnt match the files!
usually this is because you are simulating a doped system. adding
positive background charge to ensure charge neutrality. i hope this
is intentional! if not, set num_electrons = None in the input file

positive background charge: -0.10 [e]

*** mixing ***
pulay mixing with 4 iterations
mix_delay: 10
beta: 0.4000
alpha: 0.4000

*** density ***
magnetization:   0.633
 (atom) (type) (density) (mag. density)
     0      0     1.267       1.267
     1      0     0.633      -0.633

*** WARNING ***
using symmetry for polaron tasks is still under development

*** WARNING ***
using symmetry isnt fully tested yet!

*** symmetry ***
spglib: 2.5.0
non-magnetic spacegroup:
  P4/mmm (123)
number of symmetry operations (including magnetism): 16
numer of symmomorphic ops: 16

*** k-points ***
num_kpts_procs: 4
kpts_option: mesh
use_kpts_symmetry: True

generating k-points on full grid spanning brillouin zone
num_kpts on full grid: 40000

getting irreducible set of wavevectors.
this may take a while ...
  now on wavevec 0/40000
  now on wavevec 10000/40000
  now on wavevec 20000/40000
  now on wavevec 30000/40000

num_kpts in irreducible set: 5151

max number of k-points over all processes: 1288
number of k-points on each process:
 (proc) (num)
   0   1288
   1   1288
   2   1288
   3   1287

*** q-points ***
num_qpts_procs: 1
qpts_option: mesh
use_qpts_symmetry: False

generating q-points on full grid spanning brillouin zone
num_qpts on full grid: 1

max number of q-points over all processes: 1
number of q-points on each process:
 (proc) (num)
   0      1

*** phonon io ***
reading eigenvectors, qpts, etc. from file:
  'phonons.hdf5'

resetting q-points!

max number of q-points over all processes: 1
number of q-points on each process:
 (proc) (num)
   0      1

*** WARNING ***
improved pulay mixing (beta != 0.0) isnt proven yet!
use with caution!

*** mixing ***
pulay mixing with 4 iterations
mix_delay: 10
beta: 0.4000
alpha: 0.4000

*** electron phonon ***
number of coupled orbitals: 2

########################################################################
######################## running 'polaron_mft' #########################
########################################################################

*** calculating polaron stuff ***
entering polaron mft calculation

*** polaron scf ***
entering polaron scf loop
max_polaron_scf_steps: 100
polaron_scf_displacement_tol: 1.000e-06

*** polaron ***
polaron_mft_energy_0: -1.319444e-02
 (atom)    (cartesian displacement)
    0        0.000   0.000  -0.000
    1        0.000   0.000   0.000
    2        0.295   0.295   0.000
    3        0.295  -0.295  -0.000
    4       -0.295   0.295   0.000
    5       -0.295  -0.295  -0.000

========================= polaron scf step: 0 ==========================

*** electron scf ***
entering electron scf loop
max_electron_scf_steps: 400
electron_scf_density_tol: 1.000e-05
electron_scf_energy_tol: 1.000e-06

----------------------------- scf step: 1 ------------------------------

*** hamiltonian ***
there are 5151 kpts to do
proc[0] will do 1288 kpts

 density rms: 4.01263e-10
 spin up rms: 4.23039e-01
 spin down rms: 2.12302e-01
 magnetization:   0.09991

 hubbard_energy: -3.345217e-01
 free_energy: -1.703242e+00
 band_energy: -1.367371e+00
 ground_state_energy: -1.701893e+00
 entropy: 1.348779e-01

 energy residual:  1.701893e+00

local timer:
  (label)                    (calls)     (lap)     (total) 
  scf_step[1]                     1      0.268      0.268   s 

----------------------------- scf step: 2 ------------------------------

*** hamiltonian ***
there are 5151 kpts to do
proc[0] will do 1288 kpts

 density rms: 9.39749e-10
 spin up rms: 2.41367e-01
 spin down rms: 1.18045e-01
 magnetization:   0.10000

 hubbard_energy: -5.546240e-01
 free_energy: -1.594746e+00
 band_energy: -1.038865e+00
 ground_state_energy: -1.593489e+00
 entropy: 1.256604e-01

 energy residual:  1.084038e-01

local timer:
  (label)                    (calls)     (lap)     (total) 
  scf_step[2]                     1      0.273      0.273   s 

----------------------------- scf step: 3 ------------------------------

*** hamiltonian ***
there are 5151 kpts to do
proc[0] will do 1288 kpts

 density rms: 2.60698e-10
 spin up rms: 1.40859e-01
 spin down rms: 6.79086e-02
 magnetization:   0.10000

 hubbard_energy: -6.998561e-01
 free_energy: -1.541698e+00
 band_energy: -8.406439e-01
 ground_state_energy: -1.540500e+00
 entropy: 1.197914e-01

 energy residual:  5.298936e-02

local timer:
  (label)                    (calls)     (lap)     (total) 
  scf_step[3]                     1      0.282      0.282   s 

----------------------------- scf step: 4 ------------------------------

*** hamiltonian ***
there are 5151 kpts to do
proc[0] will do 1288 kpts

 density rms: 6.01945e-11
 spin up rms: 8.42694e-02
 spin down rms: 4.21774e-02
 magnetization:   0.10000

 hubbard_energy: -7.976025e-01
 free_energy: -1.509591e+00
 band_energy: -7.108284e-01
 ground_state_energy: -1.508431e+00
 entropy: 1.160074e-01

 energy residual:  3.206912e-02

local timer:
  (label)                    (calls)     (lap)     (total) 
  scf_step[4]                     1      0.273      0.273   s 

----------------------------- scf step: 5 ------------------------------

*** hamiltonian ***
there are 5151 kpts to do
proc[0] will do 1288 kpts

 density rms: 3.58045e-10
 spin up rms: 5.18305e-02
 spin down rms: 2.84905e-02
 magnetization:   0.10000

 hubbard_energy: -8.648446e-01
 free_energy: -1.487588e+00
 band_energy: -6.216078e-01
 ground_state_energy: -1.486452e+00
 entropy: 1.135851e-01

 energy residual:  2.197850e-02

local timer:
  (label)                    (calls)     (lap)     (total) 
  scf_step[5]                     1      0.275      0.275   s 

----------------------------- scf step: 6 ------------------------------

*** hamiltonian ***
there are 5151 kpts to do
proc[0] will do 1288 kpts

 density rms: 9.00077e-10
 spin up rms: 3.28343e-02
 spin down rms: 2.03371e-02
 magnetization:   0.10000

 hubbard_energy: -9.119560e-01
 free_energy: -1.471780e+00
 band_energy: -5.587040e-01
 ground_state_energy: -1.470660e+00
 entropy: 1.120172e-01

 energy residual:  1.579226e-02

local timer:
  (label)                    (calls)     (lap)     (total) 
  scf_step[6]                     1      0.282      0.282   s 

----------------------------- scf step: 7 ------------------------------

*** hamiltonian ***
there are 5151 kpts to do
proc[0] will do 1288 kpts

 density rms: 2.24192e-10
 spin up rms: 2.14251e-02
 spin down rms: 1.48769e-02
 magnetization:   0.10000

 hubbard_energy: -9.454188e-01
 free_energy: -1.460275e+00
 band_energy: -5.137462e-01
 ground_state_energy: -1.459165e+00
 entropy: 1.109807e-01

 energy residual:  1.149513e-02

local timer:
  (label)                    (calls)     (lap)     (total) 
  scf_step[7]                     1      0.283      0.283   s 

----------------------------- scf step: 8 ------------------------------

*** hamiltonian ***
there are 5151 kpts to do
proc[0] will do 1288 kpts

 density rms: 5.86241e-10
 spin up rms: 1.43728e-02
 spin down rms: 1.09663e-02
 magnetization:   0.10000

 hubbard_energy: -9.694221e-01
 free_energy: -1.451880e+00
 band_energy: -4.813548e-01
 ground_state_energy: -1.450777e+00
 entropy: 1.102789e-01

 energy residual:  8.388009e-03

local timer:
  (label)                    (calls)     (lap)     (total) 
  scf_step[8]                     1      0.287      0.287   s 

----------------------------- scf step: 9 ------------------------------

*** hamiltonian ***
there are 5151 kpts to do
proc[0] will do 1288 kpts

 density rms: 2.32740e-10
 spin up rms: 9.87744e-03
 spin down rms: 8.09293e-03
 magnetization:   0.10000

 hubbard_energy: -9.867616e-01
 free_energy: -1.445751e+00
 band_energy: -4.578919e-01
 ground_state_energy: -1.444654e+00
 entropy: 1.097936e-01

 energy residual:  6.123404e-03

local timer:
  (label)                    (calls)     (lap)     (total) 
  scf_step[9]                     1      0.291      0.291   s 

----------------------------- scf step: 10 -----------------------------

*** hamiltonian ***
there are 5151 kpts to do
proc[0] will do 1288 kpts

 density rms: 8.53733e-10
 spin up rms: 6.92319e-03
 spin down rms: 5.96868e-03
 magnetization:   0.10000

 hubbard_energy: -9.993511e-01
 free_energy: -1.441275e+00
 band_energy: -4.408298e-01
 ground_state_energy: -1.440181e+00
 entropy: 1.094519e-01

 energy residual:  4.472675e-03

local timer:
  (label)                    (calls)     (lap)     (total) 
  scf_step[10]                    1      0.289      0.289   s 

----------------------------- scf step: 11 -----------------------------

*** hamiltonian ***
there are 5151 kpts to do
proc[0] will do 1288 kpts

 density rms: 8.20536e-10
 spin up rms: 4.92667e-03
 spin down rms: 4.39868e-03
 magnetization:   0.10000

 hubbard_energy: -1.034222e+00
 free_energy: -1.463699e+00
 band_energy: -4.283850e-01
 ground_state_energy: -1.462607e+00
 entropy: 1.092079e-01

 energy residual:  2.242639e-02

local timer:
  (label)                    (calls)     (lap)     (total) 
  scf_step[11]                    1      0.296      0.296   s 

----------------------------- scf step: 12 -----------------------------

*** hamiltonian ***
there are 5151 kpts to do
proc[0] will do 1288 kpts

 density rms: 4.94714e-10
 spin up rms: 4.43772e-04
 spin down rms: 2.90675e-04
 magnetization:   0.10000

 hubbard_energy: -1.033845e+00
 free_energy: -1.428612e+00
 band_energy: -3.936821e-01
 ground_state_energy: -1.427527e+00
 entropy: 1.085086e-01

 energy residual:  3.508026e-02

local timer:
  (label)                    (calls)     (lap)     (total) 
  scf_step[12]                    1      0.288      0.288   s 

----------------------------- scf step: 13 -----------------------------

*** hamiltonian ***
there are 5151 kpts to do
proc[0] will do 1288 kpts

 density rms: 1.54210e-10
 spin up rms: 3.60441e-04
 spin down rms: 3.53919e-04
 magnetization:   0.10000

 hubbard_energy: -1.034099e+00
 free_energy: -1.429244e+00
 band_energy: -3.940587e-01
 ground_state_energy: -1.428158e+00
 entropy: 1.085742e-01

 energy residual:  6.312148e-04

local timer:
  (label)                    (calls)     (lap)     (total) 
  scf_step[13]                    1      0.292      0.292   s 

----------------------------- scf step: 14 -----------------------------

*** hamiltonian ***
there are 5151 kpts to do
proc[0] will do 1288 kpts

 density rms: 6.26286e-10
 spin up rms: 9.21619e-05
 spin down rms: 2.09010e-06
 magnetization:   0.10000

 hubbard_energy: -1.033921e+00
 free_energy: -1.428811e+00
 band_energy: -3.938041e-01
 ground_state_energy: -1.427725e+00
 entropy: 1.085367e-01

 energy residual:  4.328346e-04

local timer:
  (label)                    (calls)     (lap)     (total) 
  scf_step[14]                    1      0.294      0.294   s 

----------------------------- scf step: 15 -----------------------------

*** hamiltonian ***
there are 5151 kpts to do
proc[0] will do 1288 kpts

 density rms: 1.77648e-10
 spin up rms: 1.78439e-05
 spin down rms: 2.50579e-05
 magnetization:   0.10000

 hubbard_energy: -1.033770e+00
 free_energy: -1.428838e+00
 band_energy: -3.939822e-01
 ground_state_energy: -1.427752e+00
 entropy: 1.085441e-01

 energy residual:  2.704681e-05

local timer:
  (label)                    (calls)     (lap)     (total) 
  scf_step[15]                    1      0.296      0.296   s 

----------------------------- scf step: 16 -----------------------------

*** hamiltonian ***
there are 5151 kpts to do
proc[0] will do 1288 kpts

 density rms: 7.26201e-10
 spin up rms: 1.82165e-05
 spin down rms: 1.38667e-05
 magnetization:   0.10000

 hubbard_energy: -1.033763e+00
 free_energy: -1.428982e+00
 band_energy: -3.941332e-01
 ground_state_energy: -1.427896e+00
 entropy: 1.085454e-01

 energy residual:  1.439372e-04

local timer:
  (label)                    (calls)     (lap)     (total) 
  scf_step[16]                    1      0.296      0.296   s 

----------------------------- scf step: 17 -----------------------------

*** hamiltonian ***
there are 5151 kpts to do
proc[0] will do 1288 kpts

 density rms: 3.46482e-10
 spin up rms: 4.26652e-06
 spin down rms: 2.82867e-06
 magnetization:   0.10000

 hubbard_energy: -1.033758e+00
 free_energy: -1.428984e+00
 band_energy: -3.941403e-01
 ground_state_energy: -1.427898e+00
 entropy: 1.085465e-01

 energy residual:  1.877167e-06

local timer:
  (label)                    (calls)     (lap)     (total) 
  scf_step[17]                    1      0.300      0.300   s 

----------------------------- scf step: 18 -----------------------------

*** hamiltonian ***
there are 5151 kpts to do
proc[0] will do 1288 kpts

 density rms: 2.29919e-10
 spin up rms: 9.21230e-07
 spin down rms: 6.18374e-07
 magnetization:   0.10000

 hubbard_energy: -1.033758e+00
 free_energy: -1.428989e+00
 band_energy: -3.941455e-01
 ground_state_energy: -1.427903e+00
 entropy: 1.085470e-01

 energy residual:  4.795567e-06

local timer:
  (label)                    (calls)     (lap)     (total) 
  scf_step[18]                    1      0.298      0.298   s 

----------------------------- scf step: 19 -----------------------------

*** hamiltonian ***
there are 5151 kpts to do
proc[0] will do 1288 kpts

 density rms: 7.63861e-10
 spin up rms: 4.06126e-07
 spin down rms: 7.10560e-07
 magnetization:   0.10000

 hubbard_energy: -1.033758e+00
 free_energy: -1.428990e+00
 band_energy: -3.941459e-01
 ground_state_energy: -1.427904e+00
 entropy: 1.085470e-01

 energy residual:  1.093752e-06

local timer:
  (label)                    (calls)     (lap)     (total) 
  scf_step[19]                    1      0.302      0.302   s 

----------------------------- scf step: 20 -----------------------------

*** hamiltonian ***
there are 5151 kpts to do
proc[0] will do 1288 kpts

 density rms: 1.79909e-10
 spin up rms: 1.40324e-07
 spin down rms: 3.49472e-08
 magnetization:   0.10000

 hubbard_energy: -1.033759e+00
 free_energy: -1.428990e+00
 band_energy: -3.941453e-01
 ground_state_energy: -1.427904e+00
 entropy: 1.085469e-01

 energy residual:  9.563056e-08

local timer:
  (label)                    (calls)     (lap)     (total) 
  scf_step[20]                    1      0.306      0.306   s 

------------------------------------------------------------------------

scf loop converged after 20 steps

*** final density ***
magnetization:   0.100
 (atom) (type) (density) (mag. density)
     0      0     0.991       0.749
     1      0     0.909      -0.649
     2      1     0.000       0.000
     3      1     0.000       0.000
     4      1     0.000       0.000
     5      1     0.000       0.000

*** converged electron thermo. ***
- normalized to the unitcell!
hubbard_energy: -1.033759e+00
free_energy: -1.428989e+00
band_energy: -3.941453e-01
ground_state_energy: -1.427904e+00
entropy: 1.085469e-01
fermi_energy: 6.788503e-01

*** gap ***
lumo_energy:   0.679
homo_energy:   0.679
estimated gap:   0.000
metallic: True

*** polaron ***
polaron_mft_energy_0: -2.247666e-04
 (atom)    (cartesian displacement)
    0        0.000   0.000  -0.000
    1        0.000   0.000   0.000
    2        0.038   0.038   0.000
    3        0.038  -0.038  -0.000
    4       -0.038   0.038   0.000
    5       -0.038  -0.038  -0.000

*** displacement redidual ***
residual: 7.245680e-01

local timer:
  (label)                    (calls)     (lap)     (total) 
  polaron_scf_step[0]             1      5.791      5.791   s 

========================= polaron scf step: 1 ==========================

*** electron scf ***
entering electron scf loop
max_electron_scf_steps: 400
electron_scf_density_tol: 1.000e-05
electron_scf_energy_tol: 1.000e-06

----------------------------- scf step: 1 ------------------------------

*** hamiltonian ***
there are 5151 kpts to do
proc[0] will do 1288 kpts

 density rms: 2.77768e-11
 spin up rms: 4.75550e-03
 spin down rms: 4.33316e-03
 magnetization:   0.09738

 hubbard_energy: -1.033759e+00
 free_energy: -1.426188e+00
 band_energy: -3.912593e-01
 ground_state_energy: -1.425018e+00
 entropy: 1.170263e-01

 energy residual:  1.425018e+00

local timer:
  (label)                    (calls)     (lap)     (total) 
  scf_step[1]                     1      0.309      0.309   s 

----------------------------- scf step: 2 ------------------------------

*** hamiltonian ***
there are 5151 kpts to do
proc[0] will do 1288 kpts

 density rms: 2.49220e-10
 spin up rms: 4.75538e-03
 spin down rms: 4.33304e-03
 magnetization:   0.09738

 hubbard_energy: -1.033758e+00
 free_energy: -1.426187e+00
 band_energy: -3.912591e-01
 ground_state_energy: -1.425017e+00
 entropy: 1.170261e-01

 energy residual:  1.095931e-06

local timer:
  (label)                    (calls)     (lap)     (total) 
  scf_step[2]                     1      0.303      0.303   s 

----------------------------- scf step: 3 ------------------------------

*** hamiltonian ***
there are 5151 kpts to do
proc[0] will do 1288 kpts

 density rms: 3.08403e-10
 spin up rms: 4.75596e-03
 spin down rms: 4.33337e-03
 magnetization:   0.09738

 hubbard_energy: -1.033757e+00
 free_energy: -1.426187e+00
 band_energy: -3.912600e-01
 ground_state_energy: -1.425017e+00
 entropy: 1.170270e-01

 energy residual:  3.356066e-07

local timer:
  (label)                    (calls)     (lap)     (total) 
  scf_step[3]                     1      0.308      0.308   s 

----------------------------- scf step: 4 ------------------------------

*** hamiltonian ***
there are 5151 kpts to do
proc[0] will do 1288 kpts

 density rms: 6.01993e-10
 spin up rms: 4.75654e-03
 spin down rms: 4.33361e-03
 magnetization:   0.09738

 hubbard_energy: -1.055249e+00
 free_energy: -1.447681e+00
 band_energy: -3.912612e-01
 ground_state_energy: -1.446510e+00
 entropy: 1.170279e-01

 energy residual:  2.149353e-02

local timer:
  (label)                    (calls)     (lap)     (total) 
  scf_step[4]                     1      0.306      0.306   s 

----------------------------- scf step: 5 ------------------------------

*** hamiltonian ***
there are 5151 kpts to do
proc[0] will do 1288 kpts

 density rms: 6.24333e-10
 spin up rms: 9.84889e-03
 spin down rms: 3.69895e-03
 magnetization:   0.09999

 hubbard_energy: -1.041602e+00
 free_energy: -1.412585e+00
 band_energy: -3.698987e-01
 ground_state_energy: -1.411501e+00
 entropy: 1.083875e-01

 energy residual:  3.500948e-02

local timer:
  (label)                    (calls)     (lap)     (total) 
  scf_step[5]                     1      0.309      0.309   s 

----------------------------- scf step: 6 ------------------------------

*** hamiltonian ***
there are 5151 kpts to do
proc[0] will do 1288 kpts

 density rms: 8.47377e-10
 spin up rms: 1.00222e-03
 spin down rms: 1.00924e-03
 magnetization:   0.09961

 hubbard_energy: -1.038258e+00
 free_energy: -1.422779e+00
 band_energy: -3.834154e-01
 ground_state_energy: -1.421673e+00
 entropy: 1.105764e-01

 energy residual:  1.017239e-02

local timer:
  (label)                    (calls)     (lap)     (total) 
  scf_step[6]                     1      0.310      0.310   s 

----------------------------- scf step: 7 ------------------------------

*** hamiltonian ***
there are 5151 kpts to do
proc[0] will do 1288 kpts

 density rms: 1.59904e-10
 spin up rms: 1.86160e-04
 spin down rms: 1.02260e-03
 magnetization:   0.09950

 hubbard_energy: -1.132643e+00
 free_energy: -1.520515e+00
 band_energy: -3.867614e-01
 ground_state_energy: -1.519405e+00
 entropy: 1.110100e-01

 energy residual:  9.773161e-02

local timer:
  (label)                    (calls)     (lap)     (total) 
  scf_step[7]                     1      0.311      0.311   s 

----------------------------- scf step: 8 ------------------------------

*** hamiltonian ***
there are 5151 kpts to do
proc[0] will do 1288 kpts

 density rms: 6.29666e-10
 spin up rms: 1.08746e-01
 spin down rms: 1.27537e-01
 magnetization:  -0.09746

 hubbard_energy: -1.037820e+00
 free_energy: -1.338123e+00
 band_energy: -2.992248e-01
 ground_state_energy: -1.337044e+00
 entropy: 1.078422e-01

 energy residual:  1.823603e-01

local timer:
  (label)                    (calls)     (lap)     (total) 
  scf_step[8]                     1      0.310      0.310   s 

----------------------------- scf step: 9 ------------------------------

*** hamiltonian ***
there are 5151 kpts to do
proc[0] will do 1288 kpts

 density rms: 6.60169e-10
 spin up rms: 7.41227e-04
 spin down rms: 3.01645e-04
 magnetization:   0.09965

 hubbard_energy: -1.034211e+00
 free_energy: -1.422520e+00
 band_energy: -3.872044e-01
 ground_state_energy: -1.421415e+00
 entropy: 1.105021e-01

 energy residual:  8.437067e-02

local timer:
  (label)                    (calls)     (lap)     (total) 
  scf_step[9]                     1      0.320      0.320   s 

----------------------------- scf step: 10 -----------------------------

*** hamiltonian ***
there are 5151 kpts to do
proc[0] will do 1288 kpts

 density rms: 3.77515e-10
 spin up rms: 4.64226e-04
 spin down rms: 4.06120e-04
 magnetization:   0.09968

 hubbard_energy: -1.034787e+00
 free_energy: -1.426707e+00
 band_energy: -3.908161e-01
 ground_state_energy: -1.425603e+00
 entropy: 1.104582e-01

 energy residual:  4.187703e-03

local timer:
  (label)                    (calls)     (lap)     (total) 
  scf_step[10]                    1      0.314      0.314   s 

----------------------------- scf step: 11 -----------------------------

*** hamiltonian ***
there are 5151 kpts to do
proc[0] will do 1288 kpts

 density rms: 2.50843e-10
 spin up rms: 2.41202e-04
 spin down rms: 1.36373e-04
 magnetization:   0.09962

 hubbard_energy: -1.039136e+00
 free_energy: -1.430480e+00
 band_energy: -3.902375e-01
 ground_state_energy: -1.429374e+00
 entropy: 1.106490e-01

 energy residual:  3.770763e-03

local timer:
  (label)                    (calls)     (lap)     (total) 
  scf_step[11]                    1      0.317      0.317   s 

----------------------------- scf step: 12 -----------------------------

*** hamiltonian ***
there are 5151 kpts to do
proc[0] will do 1288 kpts

 density rms: 4.80574e-10
 spin up rms: 1.17811e-03
 spin down rms: 2.31438e-04
 magnetization:   0.09969

 hubbard_energy: -1.033507e+00
 free_energy: -1.420499e+00
 band_energy: -3.858888e-01
 ground_state_energy: -1.419396e+00
 entropy: 1.103128e-01

 energy residual:  9.977304e-03

local timer:
  (label)                    (calls)     (lap)     (total) 
  scf_step[12]                    1      0.319      0.319   s 

----------------------------- scf step: 13 -----------------------------

*** hamiltonian ***
there are 5151 kpts to do
proc[0] will do 1288 kpts

 density rms: 7.91819e-10
 spin up rms: 3.38678e-03
 spin down rms: 2.98748e-03
 magnetization:   0.09839

 hubbard_energy: -1.032805e+00
 free_energy: -1.425459e+00
 band_energy: -3.915092e-01
 ground_state_energy: -1.424314e+00
 entropy: 1.144534e-01

 energy residual:  4.918072e-03

local timer:
  (label)                    (calls)     (lap)     (total) 
  scf_step[13]                    1      0.318      0.318   s 

----------------------------- scf step: 14 -----------------------------

*** hamiltonian ***
there are 5151 kpts to do
proc[0] will do 1288 kpts

 density rms: 1.42083e-10
 spin up rms: 1.85508e-03
 spin down rms: 1.38832e-03
 magnetization:   0.09916

 hubbard_energy: -1.037120e+00
 free_energy: -1.430453e+00
 band_energy: -3.922112e-01
 ground_state_energy: -1.429331e+00
 entropy: 1.122468e-01

 energy residual:  5.016627e-03

local timer:
  (label)                    (calls)     (lap)     (total) 
  scf_step[14]                    1      0.319      0.319   s 

----------------------------- scf step: 15 -----------------------------

*** hamiltonian ***
there are 5151 kpts to do
proc[0] will do 1288 kpts

 density rms: 1.63008e-10
 spin up rms: 1.47835e-03
 spin down rms: 2.12516e-03
 magnetization:   0.09910

 hubbard_energy: -1.035575e+00
 free_energy: -1.424596e+00
 band_energy: -3.878968e-01
 ground_state_energy: -1.423472e+00
 entropy: 1.123564e-01

 energy residual:  5.858874e-03

local timer:
  (label)                    (calls)     (lap)     (total) 
  scf_step[15]                    1      0.322      0.322   s 

----------------------------- scf step: 16 -----------------------------

*** hamiltonian ***
there are 5151 kpts to do
proc[0] will do 1288 kpts

 density rms: 2.45571e-10
 spin up rms: 8.75412e-04
 spin down rms: 1.17589e-03
 magnetization:   0.09936

 hubbard_energy: -1.028302e+00
 free_energy: -1.418860e+00
 band_energy: -3.894432e-01
 ground_state_energy: -1.417745e+00
 entropy: 1.115448e-01

 energy residual:  5.727349e-03

local timer:
  (label)                    (calls)     (lap)     (total) 
  scf_step[16]                    1      0.325      0.325   s 

----------------------------- scf step: 17 -----------------------------

*** hamiltonian ***
there are 5151 kpts to do
proc[0] will do 1288 kpts

 density rms: 3.78369e-10
 spin up rms: 6.94216e-04
 spin down rms: 2.12151e-03
 magnetization:   0.09980

 hubbard_energy: -1.030542e+00
 free_energy: -1.428375e+00
 band_energy: -3.967314e-01
 ground_state_energy: -1.427274e+00
 entropy: 1.100649e-01

 energy residual:  9.529148e-03

local timer:
  (label)                    (calls)     (lap)     (total) 
  scf_step[17]                    1      0.324      0.324   s 

----------------------------- scf step: 18 -----------------------------

*** hamiltonian ***
there are 5151 kpts to do
proc[0] will do 1288 kpts

 density rms: 9.06355e-10
 spin up rms: 1.44089e-03
 spin down rms: 4.56281e-04
 magnetization:   0.09938

 hubbard_energy: -1.055803e+00
 free_energy: -1.451392e+00
 band_energy: -3.944734e-01
 ground_state_energy: -1.450276e+00
 entropy: 1.115821e-01

 energy residual:  2.300241e-02

local timer:
  (label)                    (calls)     (lap)     (total) 
  scf_step[18]                    1      0.327      0.327   s 

----------------------------- scf step: 19 -----------------------------

*** hamiltonian ***
there are 5151 kpts to do
proc[0] will do 1288 kpts

 density rms: 3.47388e-11
 spin up rms: 4.09861e-03
 spin down rms: 1.77618e-03
 magnetization:   0.09979

 hubbard_energy: -1.034927e+00
 free_energy: -1.405194e+00
 band_energy: -3.691716e-01
 ground_state_energy: -1.404098e+00
 entropy: 1.095898e-01

 energy residual:  4.617800e-02

local timer:
  (label)                    (calls)     (lap)     (total) 
  scf_step[19]                    1      0.326      0.326   s 

----------------------------- scf step: 20 -----------------------------

*** hamiltonian ***
there are 5151 kpts to do
proc[0] will do 1288 kpts

 density rms: 1.09535e-10
 spin up rms: 3.48030e-03
 spin down rms: 3.43398e-03
 magnetization:   0.09823

 hubbard_energy: -1.031609e+00
 free_energy: -1.422849e+00
 band_energy: -3.900911e-01
 ground_state_energy: -1.421700e+00
 entropy: 1.148528e-01

 energy residual:  1.760193e-02

local timer:
  (label)                    (calls)     (lap)     (total) 
  scf_step[20]                    1      0.328      0.328   s 

----------------------------- scf step: 21 -----------------------------

*** hamiltonian ***
there are 5151 kpts to do
proc[0] will do 1288 kpts

 density rms: 4.82720e-10
 spin up rms: 4.34482e-04
 spin down rms: 2.90558e-04
 magnetization:   0.09958

 hubbard_energy: -1.051136e+00
 free_energy: -1.445657e+00
 band_energy: -3.934121e-01
 ground_state_energy: -1.444548e+00
 entropy: 1.108648e-01

 energy residual:  2.284783e-02

local timer:
  (label)                    (calls)     (lap)     (total) 
  scf_step[21]                    1      0.327      0.327   s 

----------------------------- scf step: 22 -----------------------------

*** hamiltonian ***
there are 5151 kpts to do
proc[0] will do 1288 kpts

 density rms: 8.18472e-10
 spin up rms: 1.56408e-02
 spin down rms: 1.89773e-02
 magnetization:   0.07830

 hubbard_energy: -1.043029e+00
 free_energy: -1.418356e+00
 band_energy: -3.738478e-01
 ground_state_energy: -1.416877e+00
 entropy: 1.479240e-01

 energy residual:  2.767094e-02

local timer:
  (label)                    (calls)     (lap)     (total) 
  scf_step[22]                    1      0.330      0.330   s 

----------------------------- scf step: 23 -----------------------------

*** hamiltonian ***
there are 5151 kpts to do
proc[0] will do 1288 kpts

 density rms: 4.68254e-10
 spin up rms: 3.86195e-03
 spin down rms: 1.27934e-03
 magnetization:   0.09990

 hubbard_energy: -1.031355e+00
 free_energy: -1.414468e+00
 band_energy: -3.820198e-01
 ground_state_energy: -1.413375e+00
 entropy: 1.093223e-01

 energy residual:  3.502371e-03

local timer:
  (label)                    (calls)     (lap)     (total) 
  scf_step[23]                    1      0.331      0.331   s 

----------------------------- scf step: 24 -----------------------------

*** hamiltonian ***
there are 5151 kpts to do
proc[0] will do 1288 kpts

 density rms: 7.83115e-11
 spin up rms: 1.01746e-04
 spin down rms: 6.67383e-04
 magnetization:   0.09965

 hubbard_energy: -1.031191e+00
 free_energy: -1.425967e+00
 band_energy: -3.936690e-01
 ground_state_energy: -1.424860e+00
 entropy: 1.106204e-01

 energy residual:  1.148562e-02

local timer:
  (label)                    (calls)     (lap)     (total) 
  scf_step[24]                    1      0.330      0.330   s 

----------------------------- scf step: 25 -----------------------------

*** hamiltonian ***
there are 5151 kpts to do
proc[0] will do 1288 kpts

 density rms: 2.92995e-10
 spin up rms: 1.15416e-04
 spin down rms: 6.82086e-04
 magnetization:   0.09964

 hubbard_energy: -1.028277e+00
 free_energy: -1.423215e+00
 band_energy: -3.938323e-01
 ground_state_energy: -1.422109e+00
 entropy: 1.106326e-01

 energy residual:  2.751531e-03

local timer:
  (label)                    (calls)     (lap)     (total) 
  scf_step[25]                    1      0.333      0.333   s 

----------------------------- scf step: 26 -----------------------------

*** hamiltonian ***
there are 5151 kpts to do
proc[0] will do 1288 kpts

 density rms: 7.56413e-10
 spin up rms: 4.14407e-04
 spin down rms: 1.88218e-03
 magnetization:   0.09975

 hubbard_energy: -1.028044e+00
 free_energy: -1.425899e+00
 band_energy: -3.967519e-01
 ground_state_energy: -1.424796e+00
 entropy: 1.102666e-01

 energy residual:  2.687290e-03

local timer:
  (label)                    (calls)     (lap)     (total) 
  scf_step[26]                    1      0.331      0.331   s 

----------------------------- scf step: 27 -----------------------------

*** hamiltonian ***
there are 5151 kpts to do
proc[0] will do 1288 kpts

 density rms: 3.17862e-10
 spin up rms: 1.97751e-04
 spin down rms: 1.73329e-03
 magnetization:   0.09972

 hubbard_energy: -1.032826e+00
 free_energy: -1.430911e+00
 band_energy: -3.969811e-01
 ground_state_energy: -1.429807e+00
 entropy: 1.104020e-01

 energy residual:  5.011156e-03

local timer:
  (label)                    (calls)     (lap)     (total) 
  scf_step[27]                    1      0.332      0.332   s 

----------------------------- scf step: 28 -----------------------------

*** hamiltonian ***
there are 5151 kpts to do
proc[0] will do 1288 kpts

 density rms: 2.79412e-10
 spin up rms: 4.88486e-04
 spin down rms: 1.18553e-04
 magnetization:   0.09950

 hubbard_energy: -1.032613e+00
 free_energy: -1.425917e+00
 band_energy: -3.921935e-01
 ground_state_energy: -1.424806e+00
 entropy: 1.111216e-01

 energy residual:  5.001280e-03

local timer:
  (label)                    (calls)     (lap)     (total) 
  scf_step[28]                    1      0.335      0.335   s 

----------------------------- scf step: 29 -----------------------------

*** hamiltonian ***
there are 5151 kpts to do
proc[0] will do 1288 kpts

 density rms: 2.40845e-10
 spin up rms: 3.99890e-04
 spin down rms: 3.30009e-05
 magnetization:   0.09952

 hubbard_energy: -1.033050e+00
 free_energy: -1.426569e+00
 band_energy: -3.924076e-01
 ground_state_energy: -1.425458e+00
 entropy: 1.110553e-01

 energy residual:  6.519955e-04

local timer:
  (label)                    (calls)     (lap)     (total) 
  scf_step[29]                    1      0.333      0.333   s 

----------------------------- scf step: 30 -----------------------------

*** hamiltonian ***
there are 5151 kpts to do
proc[0] will do 1288 kpts

 density rms: 8.00143e-11
 spin up rms: 2.83474e-04
 spin down rms: 2.57795e-05
 magnetization:   0.09953

 hubbard_energy: -1.011067e+00
 free_energy: -1.404147e+00
 band_energy: -3.919703e-01
 ground_state_energy: -1.403037e+00
 entropy: 1.110029e-01

 energy residual:  2.242060e-02

local timer:
  (label)                    (calls)     (lap)     (total) 
  scf_step[30]                    1      0.336      0.336   s 

----------------------------- scf step: 31 -----------------------------

*** hamiltonian ***
there are 5151 kpts to do
proc[0] will do 1288 kpts

 density rms: 4.57333e-10
 spin up rms: 5.56189e-03
 spin down rms: 8.36236e-04
 magnetization:   0.09866

 hubbard_energy: -1.034128e+00
 free_energy: -1.449136e+00
 band_energy: -4.138670e-01
 ground_state_energy: -1.447995e+00
 entropy: 1.141015e-01

 energy residual:  4.495788e-02

local timer:
  (label)                    (calls)     (lap)     (total) 
  scf_step[31]                    1      0.335      0.335   s 

----------------------------- scf step: 32 -----------------------------

*** hamiltonian ***
there are 5151 kpts to do
proc[0] will do 1288 kpts

 density rms: 6.83883e-10
 spin up rms: 4.77568e-05
 spin down rms: 5.24372e-05
 magnetization:   0.09957

 hubbard_energy: -1.033678e+00
 free_energy: -1.425681e+00
 band_energy: -3.908942e-01
 ground_state_energy: -1.424573e+00
 entropy: 1.108372e-01

 energy residual:  2.342273e-02

local timer:
  (label)                    (calls)     (lap)     (total) 
  scf_step[32]                    1      0.343      0.343   s 

----------------------------- scf step: 33 -----------------------------

*** hamiltonian ***
there are 5151 kpts to do
proc[0] will do 1288 kpts

 density rms: 2.27631e-10
 spin up rms: 9.88195e-05
 spin down rms: 2.13634e-04
 magnetization:   0.09958

 hubbard_energy: -1.034308e+00
 free_energy: -1.426760e+00
 band_energy: -3.913445e-01
 ground_state_energy: -1.425652e+00
 entropy: 1.108060e-01

 energy residual:  1.079778e-03

local timer:
  (label)                    (calls)     (lap)     (total) 
  scf_step[33]                    1      0.332      0.332   s 

----------------------------- scf step: 34 -----------------------------

*** hamiltonian ***
there are 5151 kpts to do
proc[0] will do 1288 kpts

 density rms: 8.45708e-10
 spin up rms: 2.88121e-05
 spin down rms: 1.32057e-05
 magnetization:   0.09956

 hubbard_energy: -1.034184e+00
 free_energy: -1.426007e+00
 band_energy: -3.907144e-01
 ground_state_energy: -1.424898e+00
 entropy: 1.108624e-01

 energy residual:  7.540918e-04

local timer:
  (label)                    (calls)     (lap)     (total) 
  scf_step[34]                    1      0.337      0.337   s 

----------------------------- scf step: 35 -----------------------------

*** hamiltonian ***
there are 5151 kpts to do
proc[0] will do 1288 kpts

 density rms: 5.93739e-10
 spin up rms: 3.27777e-05
 spin down rms: 3.58327e-05
 magnetization:   0.09955

 hubbard_energy: -1.034183e+00
 free_energy: -1.426130e+00
 band_energy: -3.908381e-01
 ground_state_energy: -1.425021e+00
 entropy: 1.109022e-01

 energy residual:  1.231464e-04

local timer:
  (label)                    (calls)     (lap)     (total) 
  scf_step[35]                    1      0.336      0.336   s 

----------------------------- scf step: 36 -----------------------------

*** hamiltonian ***
there are 5151 kpts to do
proc[0] will do 1288 kpts

 density rms: 4.74442e-11
 spin up rms: 3.51597e-06
 spin down rms: 8.51218e-06
 magnetization:   0.09956

 hubbard_energy: -1.034169e+00
 free_energy: -1.426116e+00
 band_energy: -3.908387e-01
 ground_state_energy: -1.425007e+00
 entropy: 1.108825e-01

 energy residual:  1.393510e-05

local timer:
  (label)                    (calls)     (lap)     (total) 
  scf_step[36]                    1      0.335      0.335   s 

----------------------------- scf step: 37 -----------------------------

*** hamiltonian ***
there are 5151 kpts to do
proc[0] will do 1288 kpts

 density rms: 6.62661e-10
 spin up rms: 1.67920e-06
 spin down rms: 1.11348e-07
 magnetization:   0.09956

 hubbard_energy: -1.034112e+00
 free_energy: -1.426075e+00
 band_energy: -3.908533e-01
 ground_state_energy: -1.424966e+00
 entropy: 1.108780e-01

 energy residual:  4.174082e-05

local timer:
  (label)                    (calls)     (lap)     (total) 
  scf_step[37]                    1      0.337      0.337   s 

----------------------------- scf step: 38 -----------------------------

*** hamiltonian ***
there are 5151 kpts to do
proc[0] will do 1288 kpts

 density rms: 3.43381e-10
 spin up rms: 1.09658e-05
 spin down rms: 2.29538e-05
 magnetization:   0.09956

 hubbard_energy: -1.034163e+00
 free_energy: -1.426182e+00
 band_energy: -3.909098e-01
 ground_state_energy: -1.425073e+00
 entropy: 1.108684e-01

 energy residual:  1.074882e-04

local timer:
  (label)                    (calls)     (lap)     (total) 
  scf_step[38]                    1      0.335      0.335   s 

----------------------------- scf step: 39 -----------------------------

*** hamiltonian ***
there are 5151 kpts to do
proc[0] will do 1288 kpts

 density rms: 7.36103e-10
 spin up rms: 1.63978e-08
 spin down rms: 1.92653e-07
 magnetization:   0.09956

 hubbard_energy: -1.034163e+00
 free_energy: -1.426130e+00
 band_energy: -3.908587e-01
 ground_state_energy: -1.425021e+00
 entropy: 1.108788e-01

 energy residual:  5.186128e-05

local timer:
  (label)                    (calls)     (lap)     (total) 
  scf_step[39]                    1      0.336      0.336   s 

----------------------------- scf step: 40 -----------------------------

*** hamiltonian ***
there are 5151 kpts to do
proc[0] will do 1288 kpts

 density rms: 1.30670e-10
 spin up rms: 7.06311e-09
 spin down rms: 2.42993e-09
 magnetization:   0.09956

 hubbard_energy: -1.034163e+00
 free_energy: -1.426131e+00
 band_energy: -3.908594e-01
 ground_state_energy: -1.425022e+00
 entropy: 1.108788e-01

 energy residual:  7.606473e-07

local timer:
  (label)                    (calls)     (lap)     (total) 
  scf_step[40]                    1      0.335      0.335   s 

------------------------------------------------------------------------

scf loop converged after 40 steps

*** final density ***
magnetization:   0.100
 (atom) (type) (density) (mag. density)
     0      0     0.987       0.748
     1      0     0.913      -0.649
     2      1     0.000       0.000
     3      1     0.000       0.000
     4      1     0.000       0.000
     5      1     0.000       0.000

*** converged electron thermo. ***
- normalized to the unitcell!
hubbard_energy: -1.034163e+00
free_energy: -1.426131e+00
band_energy: -3.908594e-01
ground_state_energy: -1.425022e+00
entropy: 1.108788e-01
fermi_energy: 6.527826e-01

*** gap ***
lumo_energy:   0.653
homo_energy:   0.653
estimated gap:   0.000
metallic: True

*** polaron ***
polaron_mft_energy_0: -1.845642e-04
 (atom)    (cartesian displacement)
    0        0.000   0.000  -0.000
    1        0.000   0.000   0.000
    2        0.035   0.035   0.000
    3        0.035  -0.035  -0.000
    4       -0.035   0.035   0.000
    5       -0.035  -0.035  -0.000

*** displacement redidual ***
residual: 1.551194e-01

local timer:
  (label)                    (calls)     (lap)     (total) 
  polaron_scf_step[1]             1     13.026     13.026   s 

========================= polaron scf step: 2 ==========================

*** electron scf ***
entering electron scf loop
max_electron_scf_steps: 400
electron_scf_density_tol: 1.000e-05
electron_scf_energy_tol: 1.000e-06

----------------------------- scf step: 1 ------------------------------

*** hamiltonian ***
there are 5151 kpts to do
proc[0] will do 1288 kpts

 density rms: 3.44491e-10
 spin up rms: 7.15085e-05
 spin down rms: 6.49696e-05
 magnetization:   0.09951

 hubbard_energy: -1.034163e+00
 free_energy: -1.426093e+00
 band_energy: -3.908196e-01
 ground_state_energy: -1.424982e+00
 entropy: 1.110440e-01

 energy residual:  1.424982e+00

local timer:
  (label)                    (calls)     (lap)     (total) 
  scf_step[1]                     1      0.340      0.340   s 

----------------------------- scf step: 2 ------------------------------

*** hamiltonian ***
there are 5151 kpts to do
proc[0] will do 1288 kpts

 density rms: 8.46734e-12
 spin up rms: 7.15910e-05
 spin down rms: 6.50476e-05
 magnetization:   0.09951

 hubbard_energy: -1.034163e+00
 free_energy: -1.426093e+00
 band_energy: -3.908196e-01
 ground_state_energy: -1.424982e+00
 entropy: 1.110440e-01

 energy residual:  1.305955e-07

local timer:
  (label)                    (calls)     (lap)     (total) 
  scf_step[2]                     1      0.339      0.339   s 

----------------------------- scf step: 3 ------------------------------

*** hamiltonian ***
there are 5151 kpts to do
proc[0] will do 1288 kpts

 density rms: 6.12877e-10
 spin up rms: 7.14660e-05
 spin down rms: 6.49542e-05
 magnetization:   0.09951

 hubbard_energy: -1.034163e+00
 free_energy: -1.426093e+00
 band_energy: -3.908195e-01
 ground_state_energy: -1.424982e+00
 entropy: 1.110441e-01

 energy residual:  2.311272e-07

local timer:
  (label)                    (calls)     (lap)     (total) 
  scf_step[3]                     1      0.343      0.343   s 

----------------------------- scf step: 4 ------------------------------

*** hamiltonian ***
there are 5151 kpts to do
proc[0] will do 1288 kpts

 density rms: 9.59709e-10
 spin up rms: 7.15136e-05
 spin down rms: 6.49704e-05
 magnetization:   0.09951

 hubbard_energy: -1.034319e+00
 free_energy: -1.426249e+00
 band_energy: -3.908196e-01
 ground_state_energy: -1.425138e+00
 entropy: 1.110441e-01

 energy residual:  1.562467e-04

local timer:
  (label)                    (calls)     (lap)     (total) 
  scf_step[4]                     1      0.339      0.339   s 

----------------------------- scf step: 5 ------------------------------

*** hamiltonian ***
there are 5151 kpts to do
proc[0] will do 1288 kpts

 density rms: 1.61701e-10
 spin up rms: 8.01818e-06
 spin down rms: 4.40649e-05
 magnetization:   0.09952

 hubbard_energy: -1.034463e+00
 free_energy: -1.426237e+00
 band_energy: -3.906637e-01
 ground_state_energy: -1.425127e+00
 entropy: 1.110170e-01

 energy residual:  1.142562e-05

local timer:
  (label)                    (calls)     (lap)     (total) 
  scf_step[5]                     1      0.342      0.342   s 

----------------------------- scf step: 6 ------------------------------

*** hamiltonian ***
there are 5151 kpts to do
proc[0] will do 1288 kpts

 density rms: 4.78346e-10
 spin up rms: 3.25335e-05
 spin down rms: 1.03792e-04
 magnetization:   0.09951

 hubbard_energy: -1.034128e+00
 free_energy: -1.425757e+00
 band_energy: -3.905190e-01
 ground_state_energy: -1.424647e+00
 entropy: 1.110444e-01

 energy residual:  4.799605e-04

local timer:
  (label)                    (calls)     (lap)     (total) 
  scf_step[6]                     1      0.338      0.338   s 

----------------------------- scf step: 7 ------------------------------

*** hamiltonian ***
there are 5151 kpts to do
proc[0] will do 1288 kpts

 density rms: 1.80288e-11
 spin up rms: 2.75753e-05
 spin down rms: 1.44708e-05
 magnetization:   0.09952

 hubbard_energy: -1.034221e+00
 free_energy: -1.426186e+00
 band_energy: -3.908545e-01
 ground_state_energy: -1.425076e+00
 entropy: 1.110191e-01

 energy residual:  4.284654e-04

local timer:
  (label)                    (calls)     (lap)     (total) 
  scf_step[7]                     1      0.342      0.342   s 

----------------------------- scf step: 8 ------------------------------

*** hamiltonian ***
there are 5151 kpts to do
proc[0] will do 1288 kpts

 density rms: 1.64921e-10
 spin up rms: 3.06469e-05
 spin down rms: 1.60895e-05
 magnetization:   0.09953

 hubbard_energy: -1.034174e+00
 free_energy: -1.426046e+00
 band_energy: -3.907619e-01
 ground_state_energy: -1.424936e+00
 entropy: 1.109847e-01

 energy residual:  1.394817e-04

local timer:
  (label)                    (calls)     (lap)     (total) 
  scf_step[8]                     1      0.339      0.339   s 

----------------------------- scf step: 9 ------------------------------

*** hamiltonian ***
there are 5151 kpts to do
proc[0] will do 1288 kpts

 density rms: 1.99924e-10
 spin up rms: 7.17204e-07
 spin down rms: 1.52143e-07
 magnetization:   0.09952

 hubbard_energy: -1.034172e+00
 free_energy: -1.426090e+00
 band_energy: -3.908085e-01
 ground_state_energy: -1.424980e+00
 entropy: 1.110024e-01

 energy residual:  4.423314e-05

local timer:
  (label)                    (calls)     (lap)     (total) 
  scf_step[9]                     1      0.341      0.341   s 

----------------------------- scf step: 10 -----------------------------

*** hamiltonian ***
there are 5151 kpts to do
proc[0] will do 1288 kpts

 density rms: 9.09777e-10
 spin up rms: 3.64854e-08
 spin down rms: 6.27377e-08
 magnetization:   0.09952

 hubbard_energy: -1.034172e+00
 free_energy: -1.426093e+00
 band_energy: -3.908110e-01
 ground_state_energy: -1.424983e+00
 entropy: 1.110028e-01

 energy residual:  2.842235e-06

local timer:
  (label)                    (calls)     (lap)     (total) 
  scf_step[10]                    1      0.337      0.337   s 

----------------------------- scf step: 11 -----------------------------

*** hamiltonian ***
there are 5151 kpts to do
proc[0] will do 1288 kpts

 density rms: 1.01560e-10
 spin up rms: 4.88736e-08
 spin down rms: 3.73469e-08
 magnetization:   0.09952

 hubbard_energy: -1.034172e+00
 free_energy: -1.426093e+00
 band_energy: -3.908106e-01
 ground_state_energy: -1.424983e+00
 entropy: 1.110027e-01

 energy residual:  4.724693e-07

local timer:
  (label)                    (calls)     (lap)     (total) 
  scf_step[11]                    1      0.336      0.336   s 

------------------------------------------------------------------------

scf loop converged after 11 steps

*** final density ***
magnetization:   0.100
 (atom) (type) (density) (mag. density)
     0      0     0.987       0.748
     1      0     0.913      -0.649
     2      1     0.000       0.000
     3      1     0.000       0.000
     4      1     0.000       0.000
     5      1     0.000       0.000

*** converged electron thermo. ***
- normalized to the unitcell!
hubbard_energy: -1.034172e+00
free_energy: -1.426093e+00
band_energy: -3.908106e-01
ground_state_energy: -1.424983e+00
entropy: 1.110027e-01
fermi_energy: 6.524112e-01

*** gap ***
lumo_energy:   0.652
homo_energy:   0.652
estimated gap:   0.000
metallic: True

*** polaron ***
polaron_mft_energy_0: -1.839194e-04
 (atom)    (cartesian displacement)
    0        0.000   0.000  -0.000
    1        0.000   0.000   0.000
    2        0.035   0.035   0.000
    3        0.035  -0.035  -0.000
    4       -0.035   0.035   0.000
    5       -0.035  -0.035  -0.000

*** displacement redidual ***
residual: 3.119622e-02

local timer:
  (label)                    (calls)     (lap)     (total) 
  polaron_scf_step[2]             1      3.758      3.758   s 

========================= polaron scf step: 3 ==========================

*** electron scf ***
entering electron scf loop
max_electron_scf_steps: 400
electron_scf_density_tol: 1.000e-05
electron_scf_energy_tol: 1.000e-06

----------------------------- scf step: 1 ------------------------------

*** hamiltonian ***
there are 5151 kpts to do
proc[0] will do 1288 kpts

 density rms: 5.71979e-10
 spin up rms: 1.24014e-06
 spin down rms: 1.11437e-06
 magnetization:   0.09952

 hubbard_energy: -1.034172e+00
 free_energy: -1.426092e+00
 band_energy: -3.908099e-01
 ground_state_energy: -1.424982e+00
 entropy: 1.110057e-01

 energy residual:  1.424982e+00

local timer:
  (label)                    (calls)     (lap)     (total) 
  scf_step[1]                     1      0.333      0.333   s 

----------------------------- scf step: 2 ------------------------------

*** hamiltonian ***
there are 5151 kpts to do
proc[0] will do 1288 kpts

 density rms: 7.12368e-10
 spin up rms: 1.20204e-06
 spin down rms: 1.09717e-06
 magnetization:   0.09952

 hubbard_energy: -1.034172e+00
 free_energy: -1.426092e+00
 band_energy: -3.908099e-01
 ground_state_energy: -1.424982e+00
 entropy: 1.110056e-01

 energy residual:  1.330922e-07

local timer:
  (label)                    (calls)     (lap)     (total) 
  scf_step[2]                     1      0.340      0.340   s 

------------------------------------------------------------------------

scf loop converged after 2 steps

*** final density ***
magnetization:   0.100
 (atom) (type) (density) (mag. density)
     0      0     0.987       0.748
     1      0     0.913      -0.649
     2      1     0.000       0.000
     3      1     0.000       0.000
     4      1     0.000       0.000
     5      1     0.000       0.000

*** converged electron thermo. ***
- normalized to the unitcell!
hubbard_energy: -1.034172e+00
free_energy: -1.426092e+00
band_energy: -3.908099e-01
ground_state_energy: -1.424982e+00
entropy: 1.110056e-01
fermi_energy: 6.524027e-01

*** gap ***
lumo_energy:   0.652
homo_energy:   0.652
estimated gap:   0.000
metallic: True

*** polaron ***
polaron_mft_energy_0: -1.839036e-04
 (atom)    (cartesian displacement)
    0        0.000   0.000  -0.000
    1        0.000   0.000   0.000
    2        0.035   0.035   0.000
    3        0.035  -0.035  -0.000
    4       -0.035   0.035   0.000
    5       -0.035  -0.035  -0.000

*** displacement redidual ***
residual: 6.243470e-03

local timer:
  (label)                    (calls)     (lap)     (total) 
  polaron_scf_step[3]             1      0.694      0.694   s 

========================= polaron scf step: 4 ==========================

*** electron scf ***
entering electron scf loop
max_electron_scf_steps: 400
electron_scf_density_tol: 1.000e-05
electron_scf_energy_tol: 1.000e-06

----------------------------- scf step: 1 ------------------------------

*** hamiltonian ***
there are 5151 kpts to do
proc[0] will do 1288 kpts

 density rms: 3.60534e-10
 spin up rms: 7.68362e-07
 spin down rms: 6.27875e-07
 magnetization:   0.09952

 hubbard_energy: -1.034172e+00
 free_energy: -1.426092e+00
 band_energy: -3.908098e-01
 ground_state_energy: -1.424982e+00
 entropy: 1.110047e-01

 energy residual:  1.424982e+00

local timer:
  (label)                    (calls)     (lap)     (total) 
  scf_step[1]                     1      0.336      0.336   s 

----------------------------- scf step: 2 ------------------------------

*** hamiltonian ***
there are 5151 kpts to do
proc[0] will do 1288 kpts

 density rms: 8.38294e-10
 spin up rms: 1.28695e-06
 spin down rms: 1.13737e-06
 magnetization:   0.09952

 hubbard_energy: -1.034175e+00
 free_energy: -1.426095e+00
 band_energy: -3.908100e-01
 ground_state_energy: -1.424985e+00
 entropy: 1.110057e-01

 energy residual:  2.939513e-06

local timer:
  (label)                    (calls)     (lap)     (total) 
  scf_step[2]                     1      0.343      0.343   s 

----------------------------- scf step: 3 ------------------------------

*** hamiltonian ***
there are 5151 kpts to do
proc[0] will do 1288 kpts

 density rms: 5.39186e-10
 spin up rms: 1.07392e-07
 spin down rms: 6.75000e-07
 magnetization:   0.09952

 hubbard_energy: -1.034173e+00
 free_energy: -1.426091e+00
 band_energy: -3.908073e-01
 ground_state_energy: -1.424981e+00
 entropy: 1.110052e-01

 energy residual:  4.004435e-06

local timer:
  (label)                    (calls)     (lap)     (total) 
  scf_step[3]                     1      0.340      0.340   s 

----------------------------- scf step: 4 ------------------------------

*** hamiltonian ***
there are 5151 kpts to do
proc[0] will do 1288 kpts

 density rms: 9.75988e-10
 spin up rms: 5.87271e-07
 spin down rms: 8.36448e-07
 magnetization:   0.09952

 hubbard_energy: -1.034176e+00
 free_energy: -1.426095e+00
 band_energy: -3.908086e-01
 ground_state_energy: -1.424985e+00
 entropy: 1.110054e-01

 energy residual:  3.836762e-06

local timer:
  (label)                    (calls)     (lap)     (total) 
  scf_step[4]                     1      0.337      0.337   s 

----------------------------- scf step: 5 ------------------------------

*** hamiltonian ***
there are 5151 kpts to do
proc[0] will do 1288 kpts

 density rms: 4.68418e-10
 spin up rms: 6.35120e-07
 spin down rms: 3.57607e-07
 magnetization:   0.09952

 hubbard_energy: -1.034173e+00
 free_energy: -1.426090e+00
 band_energy: -3.908061e-01
 ground_state_energy: -1.424979e+00
 entropy: 1.110048e-01

 energy residual:  5.089000e-06

local timer:
  (label)                    (calls)     (lap)     (total) 
  scf_step[5]                     1      0.337      0.337   s 

----------------------------- scf step: 6 ------------------------------

*** hamiltonian ***
there are 5151 kpts to do
proc[0] will do 1288 kpts

 density rms: 5.39846e-10
 spin up rms: 3.35840e-07
 spin down rms: 6.03510e-07
 magnetization:   0.09952

 hubbard_energy: -1.034220e+00
 free_energy: -1.426139e+00
 band_energy: -3.908086e-01
 ground_state_energy: -1.425028e+00
 entropy: 1.110053e-01

 energy residual:  4.899014e-05

local timer:
  (label)                    (calls)     (lap)     (total) 
  scf_step[6]                     1      0.337      0.337   s 

----------------------------- scf step: 7 ------------------------------

*** hamiltonian ***
there are 5151 kpts to do
proc[0] will do 1288 kpts

 density rms: 9.88729e-10
 spin up rms: 9.04101e-06
 spin down rms: 2.04732e-05
 magnetization:   0.09952

 hubbard_energy: -1.034172e+00
 free_energy: -1.426044e+00
 band_energy: -3.907621e-01
 ground_state_energy: -1.424934e+00
 entropy: 1.110145e-01

 energy residual:  9.441042e-05

local timer:
  (label)                    (calls)     (lap)     (total) 
  scf_step[7]                     1      0.337      0.337   s 

----------------------------- scf step: 8 ------------------------------

*** hamiltonian ***
there are 5151 kpts to do
proc[0] will do 1288 kpts

 density rms: 7.14134e-10
 spin up rms: 2.23488e-07
 spin down rms: 1.41494e-07
 magnetization:   0.09952

 hubbard_energy: -1.034172e+00
 free_energy: -1.426092e+00
 band_energy: -3.908100e-01
 ground_state_energy: -1.424982e+00
 entropy: 1.110052e-01

 energy residual:  4.823161e-05

local timer:
  (label)                    (calls)     (lap)     (total) 
  scf_step[8]                     1      0.342      0.342   s 

----------------------------- scf step: 9 ------------------------------

*** hamiltonian ***
there are 5151 kpts to do
proc[0] will do 1288 kpts

 density rms: 6.39617e-10
 spin up rms: 2.78041e-09
 spin down rms: 1.16913e-09
 magnetization:   0.09952

 hubbard_energy: -1.034172e+00
 free_energy: -1.426092e+00
 band_energy: -3.908097e-01
 ground_state_energy: -1.424982e+00
 entropy: 1.110049e-01

 energy residual:  2.889015e-07

local timer:
  (label)                    (calls)     (lap)     (total) 
  scf_step[9]                     1      0.341      0.341   s 

------------------------------------------------------------------------

scf loop converged after 9 steps

*** final density ***
magnetization:   0.100
 (atom) (type) (density) (mag. density)
     0      0     0.987       0.748
     1      0     0.913      -0.649
     2      1     0.000       0.000
     3      1     0.000       0.000
     4      1     0.000       0.000
     5      1     0.000       0.000

*** converged electron thermo. ***
- normalized to the unitcell!
hubbard_energy: -1.034172e+00
free_energy: -1.426092e+00
band_energy: -3.908097e-01
ground_state_energy: -1.424982e+00
entropy: 1.110049e-01
fermi_energy: 6.524047e-01

*** gap ***
lumo_energy:   0.652
homo_energy:   0.652
estimated gap:   0.000
metallic: True

*** polaron ***
polaron_mft_energy_0: -1.839080e-04
 (atom)    (cartesian displacement)
    0        0.000   0.000  -0.000
    1        0.000   0.000   0.000
    2        0.035   0.035   0.000
    3        0.035  -0.035  -0.000
    4       -0.035   0.035   0.000
    5       -0.035  -0.035  -0.000

*** displacement redidual ***
residual: 1.247521e-03

local timer:
  (label)                    (calls)     (lap)     (total) 
  polaron_scf_step[4]             1      3.073      3.073   s 

========================= polaron scf step: 5 ==========================

*** electron scf ***
entering electron scf loop
max_electron_scf_steps: 400
electron_scf_density_tol: 1.000e-05
electron_scf_energy_tol: 1.000e-06

----------------------------- scf step: 1 ------------------------------

*** hamiltonian ***
there are 5151 kpts to do
proc[0] will do 1288 kpts

 density rms: 1.94886e-10
 spin up rms: 9.29092e-09
 spin down rms: 1.26637e-08
 magnetization:   0.09952

 hubbard_energy: -1.034172e+00
 free_energy: -1.426092e+00
 band_energy: -3.908098e-01
 ground_state_energy: -1.424982e+00
 entropy: 1.110050e-01

 energy residual:  1.424982e+00

local timer:
  (label)                    (calls)     (lap)     (total) 
  scf_step[1]                     1      0.341      0.341   s 

----------------------------- scf step: 2 ------------------------------

*** hamiltonian ***
there are 5151 kpts to do
proc[0] will do 1288 kpts

 density rms: 4.85020e-10
 spin up rms: 5.73025e-08
 spin down rms: 3.09346e-08
 magnetization:   0.09952

 hubbard_energy: -1.034172e+00
 free_energy: -1.426092e+00
 band_energy: -3.908099e-01
 ground_state_energy: -1.424982e+00
 entropy: 1.110050e-01

 energy residual:  2.344289e-07

local timer:
  (label)                    (calls)     (lap)     (total) 
  scf_step[2]                     1      0.341      0.341   s 

------------------------------------------------------------------------

scf loop converged after 2 steps

*** final density ***
magnetization:   0.100
 (atom) (type) (density) (mag. density)
     0      0     0.987       0.748
     1      0     0.913      -0.649
     2      1     0.000       0.000
     3      1     0.000       0.000
     4      1     0.000       0.000
     5      1     0.000       0.000

*** converged electron thermo. ***
- normalized to the unitcell!
hubbard_energy: -1.034172e+00
free_energy: -1.426092e+00
band_energy: -3.908099e-01
ground_state_energy: -1.424982e+00
entropy: 1.110050e-01
fermi_energy: 6.524046e-01

*** gap ***
lumo_energy:   0.652
homo_energy:   0.652
estimated gap:   0.000
metallic: True

*** polaron ***
polaron_mft_energy_0: -1.839079e-04
 (atom)    (cartesian displacement)
    0        0.000   0.000  -0.000
    1        0.000   0.000   0.000
    2        0.035   0.035   0.000
    3        0.035  -0.035  -0.000
    4       -0.035   0.035   0.000
    5       -0.035  -0.035  -0.000

*** displacement redidual ***
residual: 2.495286e-04

local timer:
  (label)                    (calls)     (lap)     (total) 
  polaron_scf_step[5]             1      0.704      0.704   s 

========================= polaron scf step: 6 ==========================

*** electron scf ***
entering electron scf loop
max_electron_scf_steps: 400
electron_scf_density_tol: 1.000e-05
electron_scf_energy_tol: 1.000e-06

----------------------------- scf step: 1 ------------------------------

*** hamiltonian ***
there are 5151 kpts to do
proc[0] will do 1288 kpts

 density rms: 7.04578e-10
 spin up rms: 2.39515e-08
 spin down rms: 9.01623e-09
 magnetization:   0.09952

 hubbard_energy: -1.034172e+00
 free_energy: -1.426092e+00
 band_energy: -3.908098e-01
 ground_state_energy: -1.424982e+00
 entropy: 1.110049e-01

 energy residual:  1.424982e+00

local timer:
  (label)                    (calls)     (lap)     (total) 
  scf_step[1]                     1      0.338      0.338   s 

----------------------------- scf step: 2 ------------------------------

*** hamiltonian ***
there are 5151 kpts to do
proc[0] will do 1288 kpts

 density rms: 5.39067e-10
 spin up rms: 1.34686e-08
 spin down rms: 8.77148e-09
 magnetization:   0.09952

 hubbard_energy: -1.034172e+00
 free_energy: -1.426092e+00
 band_energy: -3.908097e-01
 ground_state_energy: -1.424982e+00
 entropy: 1.110050e-01

 energy residual:  6.075280e-08

local timer:
  (label)                    (calls)     (lap)     (total) 
  scf_step[2]                     1      0.341      0.341   s 

------------------------------------------------------------------------

scf loop converged after 2 steps

*** final density ***
magnetization:   0.100
 (atom) (type) (density) (mag. density)
     0      0     0.987       0.748
     1      0     0.913      -0.649
     2      1     0.000       0.000
     3      1     0.000       0.000
     4      1     0.000       0.000
     5      1     0.000       0.000

*** converged electron thermo. ***
- normalized to the unitcell!
hubbard_energy: -1.034172e+00
free_energy: -1.426092e+00
band_energy: -3.908097e-01
ground_state_energy: -1.424982e+00
entropy: 1.110050e-01
fermi_energy: 6.524047e-01

*** gap ***
lumo_energy:   0.652
homo_energy:   0.652
estimated gap:   0.000
metallic: True

*** polaron ***
polaron_mft_energy_0: -1.839081e-04
 (atom)    (cartesian displacement)
    0        0.000   0.000  -0.000
    1        0.000   0.000   0.000
    2        0.035   0.035   0.000
    3        0.035  -0.035  -0.000
    4       -0.035   0.035   0.000
    5       -0.035  -0.035  -0.000

*** displacement redidual ***
residual: 4.985265e-05

local timer:
  (label)                    (calls)     (lap)     (total) 
  polaron_scf_step[6]             1      0.701      0.701   s 

========================= polaron scf step: 7 ==========================

*** electron scf ***
entering electron scf loop
max_electron_scf_steps: 400
electron_scf_density_tol: 1.000e-05
electron_scf_energy_tol: 1.000e-06

----------------------------- scf step: 1 ------------------------------

*** hamiltonian ***
there are 5151 kpts to do
proc[0] will do 1288 kpts

 density rms: 8.35949e-10
 spin up rms: 1.56782e-09
 spin down rms: 1.33303e-09
 magnetization:   0.09952

 hubbard_energy: -1.034172e+00
 free_energy: -1.426092e+00
 band_energy: -3.908098e-01
 ground_state_energy: -1.424982e+00
 entropy: 1.110049e-01

 energy residual:  1.424982e+00

local timer:
  (label)                    (calls)     (lap)     (total) 
  scf_step[1]                     1      0.339      0.339   s 

----------------------------- scf step: 2 ------------------------------

*** hamiltonian ***
there are 5151 kpts to do
proc[0] will do 1288 kpts

 density rms: 4.00304e-11
 spin up rms: 1.44500e-09
 spin down rms: 8.69063e-10
 magnetization:   0.09952

 hubbard_energy: -1.034172e+00
 free_energy: -1.426092e+00
 band_energy: -3.908098e-01
 ground_state_energy: -1.424982e+00
 entropy: 1.110050e-01

 energy residual:  6.701480e-09

local timer:
  (label)                    (calls)     (lap)     (total) 
  scf_step[2]                     1      0.345      0.345   s 

------------------------------------------------------------------------

scf loop converged after 2 steps

*** final density ***
magnetization:   0.100
 (atom) (type) (density) (mag. density)
     0      0     0.987       0.748
     1      0     0.913      -0.649
     2      1     0.000       0.000
     3      1     0.000       0.000
     4      1     0.000       0.000
     5      1     0.000       0.000

*** converged electron thermo. ***
- normalized to the unitcell!
hubbard_energy: -1.034172e+00
free_energy: -1.426092e+00
band_energy: -3.908098e-01
ground_state_energy: -1.424982e+00
entropy: 1.110050e-01
fermi_energy: 6.524047e-01

*** gap ***
lumo_energy:   0.652
homo_energy:   0.652
estimated gap:   0.000
metallic: True

*** polaron ***
polaron_mft_energy_0: -1.839080e-04
 (atom)    (cartesian displacement)
    0        0.000   0.000  -0.000
    1        0.000   0.000   0.000
    2        0.035   0.035   0.000
    3        0.035  -0.035  -0.000
    4       -0.035   0.035   0.000
    5       -0.035  -0.035  -0.000

*** displacement redidual ***
residual: 9.979791e-06

local timer:
  (label)                    (calls)     (lap)     (total) 
  polaron_scf_step[7]             1      0.705      0.705   s 

========================= polaron scf step: 8 ==========================

*** electron scf ***
entering electron scf loop
max_electron_scf_steps: 400
electron_scf_density_tol: 1.000e-05
electron_scf_energy_tol: 1.000e-06

----------------------------- scf step: 1 ------------------------------

*** hamiltonian ***
there are 5151 kpts to do
proc[0] will do 1288 kpts

 density rms: 3.01860e-10
 spin up rms: 2.21113e-09
 spin down rms: 3.97624e-10
 magnetization:   0.09952

 hubbard_energy: -1.034172e+00
 free_energy: -1.426092e+00
 band_energy: -3.908098e-01
 ground_state_energy: -1.424982e+00
 entropy: 1.110050e-01

 energy residual:  1.424982e+00

local timer:
  (label)                    (calls)     (lap)     (total) 
  scf_step[1]                     1      0.341      0.341   s 

----------------------------- scf step: 2 ------------------------------

*** hamiltonian ***
there are 5151 kpts to do
proc[0] will do 1288 kpts

 density rms: 4.91753e-10
 spin up rms: 5.30503e-08
 spin down rms: 2.45018e-08
 magnetization:   0.09952

 hubbard_energy: -1.034172e+00
 free_energy: -1.426092e+00
 band_energy: -3.908099e-01
 ground_state_energy: -1.424982e+00
 entropy: 1.110050e-01

 energy residual:  2.043438e-07

local timer:
  (label)                    (calls)     (lap)     (total) 
  scf_step[2]                     1      0.341      0.341   s 

------------------------------------------------------------------------

scf loop converged after 2 steps

*** final density ***
magnetization:   0.100
 (atom) (type) (density) (mag. density)
     0      0     0.987       0.748
     1      0     0.913      -0.649
     2      1     0.000       0.000
     3      1     0.000       0.000
     4      1     0.000       0.000
     5      1     0.000       0.000

*** converged electron thermo. ***
- normalized to the unitcell!
hubbard_energy: -1.034172e+00
free_energy: -1.426092e+00
band_energy: -3.908099e-01
ground_state_energy: -1.424982e+00
entropy: 1.110050e-01
fermi_energy: 6.524045e-01

*** gap ***
lumo_energy:   0.652
homo_energy:   0.652
estimated gap:   0.000
metallic: True

*** polaron ***
polaron_mft_energy_0: -1.839079e-04
 (atom)    (cartesian displacement)
    0        0.000   0.000  -0.000
    1        0.000   0.000   0.000
    2        0.035   0.035   0.000
    3        0.035  -0.035  -0.000
    4       -0.035   0.035   0.000
    5       -0.035  -0.035  -0.000

*** displacement redidual ***
residual: 2.038957e-06

local timer:
  (label)                    (calls)     (lap)     (total) 
  polaron_scf_step[8]             1      0.703      0.703   s 

========================= polaron scf step: 9 ==========================

*** electron scf ***
entering electron scf loop
max_electron_scf_steps: 400
electron_scf_density_tol: 1.000e-05
electron_scf_energy_tol: 1.000e-06

----------------------------- scf step: 1 ------------------------------

*** hamiltonian ***
there are 5151 kpts to do
proc[0] will do 1288 kpts

 density rms: 4.51162e-10
 spin up rms: 6.58767e-09
 spin down rms: 2.39058e-09
 magnetization:   0.09952

 hubbard_energy: -1.034172e+00
 free_energy: -1.426092e+00
 band_energy: -3.908098e-01
 ground_state_energy: -1.424982e+00
 entropy: 1.110049e-01

 energy residual:  1.424982e+00

local timer:
  (label)                    (calls)     (lap)     (total) 
  scf_step[1]                     1      0.338      0.338   s 

----------------------------- scf step: 2 ------------------------------

*** hamiltonian ***
there are 5151 kpts to do
proc[0] will do 1288 kpts

 density rms: 5.08617e-10
 spin up rms: 4.29937e-09
 spin down rms: 1.33543e-09
 magnetization:   0.09952

 hubbard_energy: -1.034172e+00
 free_energy: -1.426092e+00
 band_energy: -3.908097e-01
 ground_state_energy: -1.424982e+00
 entropy: 1.110050e-01

 energy residual:  4.414661e-08

local timer:
  (label)                    (calls)     (lap)     (total) 
  scf_step[2]                     1      0.341      0.341   s 

------------------------------------------------------------------------

scf loop converged after 2 steps

*** final density ***
magnetization:   0.100
 (atom) (type) (density) (mag. density)
     0      0     0.987       0.748
     1      0     0.913      -0.649
     2      1     0.000       0.000
     3      1     0.000       0.000
     4      1     0.000       0.000
     5      1     0.000       0.000

*** converged electron thermo. ***
- normalized to the unitcell!
hubbard_energy: -1.034172e+00
free_energy: -1.426092e+00
band_energy: -3.908097e-01
ground_state_energy: -1.424982e+00
entropy: 1.110050e-01
fermi_energy: 6.524047e-01

*** gap ***
lumo_energy:   0.652
homo_energy:   0.652
estimated gap:   0.000
metallic: True

*** polaron ***
polaron_mft_energy_0: -1.839080e-04
 (atom)    (cartesian displacement)
    0        0.000   0.000  -0.000
    1        0.000   0.000   0.000
    2        0.035   0.035   0.000
    3        0.035  -0.035  -0.000
    4       -0.035   0.035   0.000
    5       -0.035  -0.035  -0.000

*** displacement redidual ***
residual: 3.644031e-07

local timer:
  (label)                    (calls)     (lap)     (total) 
  polaron_scf_step[9]             1      0.700      0.700   s 

========================================================================

polaron scf loop converged after 9 steps
 -*- polaron_mft_energy_0: -1.839080e-04
 -*- polaron_mft_energy:  3.678161e-04

*** NOTE ***
pristine crystal energy enforced to be 0.0

*** polaron crystal energy ***
atom-atom interaction energy at pristine geo:
 pristine_crystal_energy: 0.000000e+00
atom-atom interaction energy at distorted geo (strain energy):
 distorted_crystal_energy: 1.839082e-04

########################################################################
########################## final timing info ###########################
########################################################################

*** timing *** 
  (label)                    (calls)     (lap)     (total) 
  ELPH                            1      0.547      0.547   m 
  setup_polaron                   1      2.952      2.952   s 
  get_hopping_lists               1      0.000      0.000   s 
  force_constant_matrices         1      0.002      0.002   s 
  get_irreducible_map             1      2.904      2.904   s 
  run_polaron                     1     29.874     29.874   s 
  polaron_scf                     1     29.859     29.859   s 
  calculate_xi                   11      0.005      0.050   s 
  electron_scf                   10      0.694     29.793   s 
  solve_all_k_points             92      0.325     28.340   s 

########################################################################
the calculation finished willy-nilly
as always, check the results carefully
bye!
########################################################################

